nTRACERnTRACERnTRACERnTRACERnTRACERnTRACERnTRACERnTRACERnTRACERnTRACERnTRACERnTRACERnTRACERnTRACERnTRACERnTRACERnTRACERnTRACER



    b.             8 8888888 8888888888 8 888888888o.            .8.           ,o888888o.    8 8888888888   8 888888888o.                                                                                                                                        
    888o.          8       8 8888       8 8888    `88.          .888.         8888     `88.  8 8888         8 8888    `88.                                                                                                                                       
    Y88888o.       8       8 8888       8 8888     `88         :88888.     ,8 8888       `8. 8 8888         8 8888     `88                                                                                                                                       
    .`Y888888o.    8       8 8888       8 8888     ,88        . `88888.    88 8888           8 8888         8 8888     ,88                                                                                                                                       
    8o. `Y888888o. 8       8 8888       8 8888.   ,88'       .8. `88888.   88 8888           8 888888888888 8 8888.   ,88'                                                                                                                                       
    8`Y8o. `Y88888o8       8 8888       8 888888888P'       .8`8. `88888.  88 8888           8 8888         8 888888888P'                                                                                                                                        
    8   `Y8o. `Y8888       8 8888       8 8888`8b          .8' `8. `88888. 88 8888           8 8888         8 8888`8b                                                                                                                                            
    8      `Y8o. `Y8       8 8888       8 8888 `8b.       .8'   `8. `88888.`8 8888       .8' 8 8888         8 8888 `8b.                                                                                                                                          
    8         `Y8o.`       8 8888       8 8888   `8b.    .888888888. `88888.  8888     ,88'  8 8888         8 8888   `8b.                                                                                                                                        
    8            `Yo       8 8888       8 8888     `88. .8'       `8. `88888.  `8888888P'    8 888888888888 8 8888     `88.                                                                                                                                      



                                                        v2.50 Beta - 19/01/07

nTRACERnTRACERnTRACERnTRACERnTRACERnTRACERnTRACERnTRACERnTRACERnTRACERnTRACERnTRACERnTRACERnTRACERnTRACERnTRACERnTRACERnTRACER


           Executing Case 2D_C5G7_H_SngAsy
           by user on HAYEON at 12:11:46, Oct. 22, 2020...





                                             Echo of Input Deck nTRACER.INP
------------------------------------------------------------------------------------------------------------------------------
CASEID 2D_C5G7_H_SngAsy
STATE
 th_cond     17.67357 293.33333  15.51315 84.08895  ! power_fa [MW], t_in [C], p_exit [MPa], mdot_fa [kg/s]

XSEC
 LIB_TYPE    1
 GROUP_SPEC  7
 FILE        ./lib/c5g7.xslib

PARALLEL
 MOC_TRD     6 ! 14
 CMFD_TRD    6

OPTION
 RAY         0.05  24  4
 NODE_MAJOR  T

CONV
 nMaxOuter   1500
 Eig_Conv    1E-6
 Psi_Conv    1E-6
 Res_Conv    5E-7
GEOM
 HEX         T
 ax_mesh     1*1
 pitch       20.6114046100696
 HexOpt      T  T  4  1000  0.05  20  0.5

 cell  1     0.5400 / 1 7 / 6 4 / 9 / 1.35099962990372 / 20.28 ! Fuel - UO2
 cell  2     0.5400 / 2 7 / 6 4 / 9 / 1.35099962990372 / 20.28 ! Fuel - MX1
 cell  3     0.5400 / 3 7 / 6 4 / 9 / 1.35099962990372 / 20.28 ! Fuel - MX2
 cell  4     0.5400 / 4 7 / 6 4 / 9 / 1.35099962990372 / 20.28 ! Fuel - MX3
 cell  5     0.5400 / 5 7 / 6 4 / 9 / 1.35099962990372 / 20.28 ! Fiss Cham
 cell  6     0.5400 / 6 7 / 6 4 / 9 / 1.35099962990372 / 20.28 ! GT

 PIN 1  1
 PIN 2  2
 PIN 3  3
 PIN 4  4
 PIN 5  5
 PIN 6  6

 Gap_Cell 1   7 / 2 / 9 / 1.35099962990372 / 20.28

 Gap_Pin 1    1

 assembly 1   360 / 1 / 9 / 1.35099962990372 / 20.28 ! UA
  1  1  1  1  1  1  1  1  1
  1  1  1  1  1  1  1  1  1  1
  1  1  6  1  1  6  1  1  6  1  1
  1  1  1  1  1  1  1  1  1  1  1  1
  1  1  1  1  1  1  1  1  1  1  1  1  1
  1  1  6  1  1  6  1  1  6  1  1  6  1  1
  1  1  1  1  1  1  1  1  1  1  1  1  1  1  1
  1  1  1  1  1  1  1  1  1  1  1  1  1  1  1  1
  1  1  6  1  1  6  1  1  5  1  1  6  1  1  6  1  1
     1  1  1  1  1  1  1  1  1  1  1  1  1  1  1  1
        1  1  1  1  1  1  1  1  1  1  1  1  1  1  1
           1  1  6  1  1  6  1  1  6  1  1  6  1  1
              1  1  1  1  1  1  1  1  1  1  1  1  1
                 1  1  1  1  1  1  1  1  1  1  1  1
                    1  1  6  1  1  6  1  1  6  1  1
                       1  1  1  1  1  1  1  1  1  1
                          1  1  1  1  1  1  1  1  1

 assembly 2   360 / 1 / 9 / 1.35099962990372 / 20.28 ! MA
  2  2  2  2  2  2  2  2  2
  2  3  3  3  3  3  3  3  3  2
  2  3  6  3  3  6  3  3  6  3  2
  2  3  3  3  4  3  3  4  3  3  3  2
  2  3  3  4  4  4  4  4  4  4  3  3  2
  2  3  6  3  4  6  4  4  6  4  3  6  3  2
  2  3  3  3  4  4  4  4  4  4  4  3  3  3  2
  2  3  3  4  4  4  4  4  4  4  4  4  4  3  3  2
  2  3  6  3  4  6  4  4  5  4  4  6  4  3  6  3  2
     2  3  3  4  4  4  4  4  4  4  4  4  4  3  3  2
        2  3  3  3  4  4  4  4  4  4  4  3  3  3  2
           2  3  6  3  4  6  4  4  6  4  3  6  3  2
              2  3  3  4  4  4  4  4  4  4  3  3  2
                 2  3  3  3  4  3  3  4  3  3  3  2
                    2  3  6  3  3  6  3  3  6  3  2
                       2  3  3  3  3  3  3  3  3  2
                          2  2  2  2  2  2  2  2  2

 rad_conf     360  CENT
  2

 albedo       0.  0.  0.

MKL
MKL
 AXTYPE       3  0
==============================================================================================================================
00:00:00.004 Reading Input from nTRACER.INP...
00:00:00.004 SCHEME : NODE MAJOR / DCMP : F / LinSrc : F
00:00:00.005 -------------------------------------------------------------------
00:00:00.005 HEX : Set Geom ...
00:00:00.006       Set CMFD Map ...
00:00:00.029       Set Ray Basic Data ...
00:00:00.249       Set Asy Ray Base ...
00:00:00.249           1 ...
00:00:01.277       Set Core Ray ...
00:00:01.306       Connect Core Ray ...
00:00:01.792       Convert Hex Ray ...
00:00:01.792 ------------------------------------------------------------------------
00:00:01.804 Initialize Control Rod Features...
00:00:01.804   Control Rod Cusping Module is not active...
00:00:01.806 Set Control Rod Position...
00:00:01.808 MOC Under-relaxtion Option :   F
00:00:01.808 Axial Reflector FDM Option :   F
00:00:01.808 Cell Homogenization...
00:00:01.808 Linear System Construction...
00:00:01.817 Performing CMFD Calculation...
  MGOUTER        1              1.204637      1.00000      8.231E-02
  MGOUTER        2              1.202037      0.10320      8.494E-03
  MGOUTER        3              1.199902      0.01218      1.003E-03
  MGOUTER        4              1.199690      0.00193      1.590E-04
  MGOUTER        5              1.199651      0.00067      5.481E-05
  MGOUTER        6              1.199645      0.00030      2.491E-05
  MGOUTER        7              1.199645      0.00014      1.159E-05
00:00:01.830 Performing Ray Tracing    1...
          Group    1   to    7   finished in      1.297  Sec
          Group    4   to    7   finished in      0.925  Sec
00:00:04.059    RT      1       1.159626   3.451E-02   8.200E-02   5.820E-03
00:00:04.060 Cell Homogenization...
00:00:04.060 Linear System Construction...
00:00:04.060 Performing CMFD Calculation...
  MGOUTER        8              1.205246      1.00000      6.771E-03
  MGOUTER        9              1.206934      0.13558      9.180E-04
  MGOUTER       10              1.206808      0.01671      1.132E-04
  MGOUTER       11              1.206785      0.00216      1.466E-05
  MGOUTER       12              1.206782      0.00051      3.426E-06
  MGOUTER       13              1.206782      0.00021      1.444E-06
  MGOUTER       14              1.206782      0.00010      6.689E-07
  Convergence - Flux :  F   TH :  F   B-Search:  T
00:00:04.076 Performing Ray Tracing    2...
          Group    1   to    7   finished in      1.275  Sec
          Group    4   to    7   finished in      0.916  Sec
00:00:06.274    RT      2       1.206346   3.611E-04   3.229E-03   1.807E-04
00:00:06.275 Cell Homogenization...
00:00:06.275 Linear System Construction...
00:00:06.275 Performing CMFD Calculation...
  MGOUTER       15              1.206693      1.00000      2.011E-04
  MGOUTER       16              1.206707      0.10585      2.128E-05
  MGOUTER       17              1.206702      0.01625      3.268E-06
  MGOUTER       18              1.206702      0.00517      1.039E-06
  MGOUTER       19              1.206701      0.00232      4.665E-07
  MGOUTER       20              1.206701      0.00108      2.169E-07
  MGOUTER       21              1.206701      0.00050      1.009E-07
  Convergence - Flux :  F   TH :  F   B-Search:  T
00:00:06.286 Performing Ray Tracing    3...
          Group    1   to    7   finished in      1.139  Sec
          Group    4   to    7   finished in      0.887  Sec
00:00:08.314    RT      3       1.206673   2.367E-05   1.296E-04   7.042E-06
00:00:08.317 Cell Homogenization...
00:00:08.317 Linear System Construction...
00:00:08.319 Performing CMFD Calculation...
  MGOUTER       22              1.206694      1.00000      1.004E-05
  MGOUTER       23              1.206695      0.11224      1.127E-06
  MGOUTER       24              1.206695      0.01914      1.923E-07
  MGOUTER       25              1.206695      0.00669      6.724E-08
  MGOUTER       26              1.206695      0.00304      3.054E-08
  MGOUTER       27              1.206695      0.00141      1.421E-08
  MGOUTER       28              1.206695      0.00066      6.613E-09
  Convergence - Flux :  F   TH :  F   B-Search:  T
00:00:08.327 Performing Ray Tracing    4...
          Group    1   to    7   finished in      1.174  Sec
          Group    4   to    7   finished in      0.906  Sec
00:00:10.413    RT      4       1.206694   1.052E-06   6.116E-06   3.270E-07
00:00:10.413 Cell Homogenization...
00:00:10.415 Linear System Construction...
00:00:10.415 Performing CMFD Calculation...
  MGOUTER       29              1.206695      1.00000      5.314E-07
  MGOUTER       30              1.206695      0.11853      6.298E-08
  MGOUTER       31              1.206695      0.02592      1.377E-08
  MGOUTER       32              1.206695      0.01048      5.567E-09
  MGOUTER       33              1.206695      0.00483      2.565E-09
  MGOUTER       34              1.206695      0.00225      1.194E-09
  MGOUTER       35              1.206695      0.00105      5.558E-10
  Convergence - Flux :  F   TH :  F   B-Search:  T
00:00:10.425 Performing Ray Tracing    5...
          Group    1   to    7   finished in      1.196  Sec
          Group    4   to    7   finished in      0.890  Sec
00:00:12.516    RT      5       1.206695   3.659E-08   3.082E-07   1.882E-08
00:00:12.516 Cell Homogenization...
00:00:12.518 Linear System Construction...
00:00:12.518 Performing CMFD Calculation...
  MGOUTER       36              1.206695      1.00000      3.240E-08
  MGOUTER       37              1.206695      0.12550      4.067E-09
  MGOUTER       38              1.206695      0.02813      9.116E-10
  MGOUTER       39              1.206695      0.01160      3.757E-10
  MGOUTER       40              1.206695      0.00535      1.734E-10
  MGOUTER       41              1.206695      0.00249      8.071E-11
  MGOUTER       42              1.206695      0.00116      3.756E-11
  Convergence - Flux :  T   TH :  F   B-Search:  T
Burnup =     0.000 MWD/kgHM    0.000 EPFD  keff =   1.20669  kinf(BK) =   1.20669  ppm =     0.00 ppm
-----------------------------------------------------------------------------
                    k-eff =      1.20669
00:00:12.527  Writing Calculation Results in Output File...
              Case No :    0    Calculation No :    0
 
========================================================================
     Results
     Case No        :    0
     Calculation No :    0
========================================================================
 
       k-eff =    1.20669
 
- 2D Pin Power -
- Coordinate : 1st = from NE to SW, 2nd = from NNW to SSE
 
Eff Pin Num   198.00000
 
Assembly    1 at (      1      1)
       1.91158     1.73013     1.66361     1.64384     1.64515     1.64384     1.66361     1.73013     1.91158                                                                                                            
       1.73013     1.97004     1.83935     1.70696     1.78908     1.78908     1.70696     1.83935     1.97004     1.73013                                                                                                
       1.66361     1.83935     0.00000     1.61392     1.59488     0.00000     1.59488     1.61392     0.00000     1.83935     1.66361                                                                                    
       1.64384     1.70696     1.61392     1.53535     1.60357     1.50071     1.50071     1.60357     1.53534     1.61392     1.70696     1.64384                                                                        
       1.64515     1.78908     1.59488     1.60357     1.63299     1.61939     1.53153     1.61939     1.63299     1.60357     1.59488     1.78908     1.64515                                                            
       1.64384     1.78908     0.00000     1.50071     1.61939     0.00000     1.58357     1.58357     0.00000     1.61939     1.50071     0.00000     1.78908     1.64384                                                
       1.66361     1.70696     1.59488     1.50071     1.53153     1.58357     1.57178     1.47956     1.57178     1.58357     1.53153     1.50071     1.59488     1.70696     1.66361                                    
       1.73013     1.83935     1.61392     1.60357     1.61939     1.58357     1.47956     1.56488     1.56488     1.47956     1.58357     1.61939     1.60357     1.61392     1.83935     1.73013                        
       1.91158     1.97004     0.00000     1.53534     1.63299     0.00000     1.57178     1.56488     0.00003     1.56488     1.57178     0.00000     1.63299     1.53534     0.00000     1.97004     1.91158            
                   1.73013     1.83935     1.61392     1.60357     1.61939     1.58357     1.47956     1.56488     1.56488     1.47956     1.58357     1.61939     1.60357     1.61392     1.83935     1.73013            
                               1.66361     1.70696     1.59488     1.50071     1.53153     1.58357     1.57178     1.47956     1.57178     1.58357     1.53153     1.50071     1.59488     1.70696     1.66361            
                                           1.64384     1.78908     0.00000     1.50071     1.61939     0.00000     1.58357     1.58357     0.00000     1.61939     1.50071     0.00000     1.78908     1.64384            
                                                       1.64515     1.78908     1.59488     1.60357     1.63299     1.61939     1.53153     1.61939     1.63299     1.60357     1.59488     1.78908     1.64515            
                                                                   1.64384     1.70696     1.61392     1.53534     1.60357     1.50071     1.50071     1.60357     1.53535     1.61392     1.70696     1.64384            
                                                                               1.66361     1.83935     0.00000     1.61392     1.59488     0.00000     1.59488     1.61392     0.00000     1.83935     1.66361            
                                                                                           1.73013     1.97004     1.83935     1.70696     1.78908     1.78908     1.70696     1.83935     1.97004     1.73013            
                                                                                                       1.91158     1.73013     1.66361     1.64384     1.64515     1.64384     1.66361     1.73013     1.91158            
 
- Local Pin Power -
- Coordinate : 1st = from NE to SW, 2nd = from NNW to SSE
 
Eff Pin Num   198.00000
 
 Plane    1
Assembly    1 at (      1      1 )
       1.91158     1.73013     1.66361     1.64384     1.64515     1.64384     1.66361     1.73013     1.91158                                                                                                            
       1.73013     1.97004     1.83935     1.70696     1.78908     1.78908     1.70696     1.83935     1.97004     1.73013                                                                                                
       1.66361     1.83935     0.00000     1.61392     1.59488     0.00000     1.59488     1.61392     0.00000     1.83935     1.66361                                                                                    
       1.64384     1.70696     1.61392     1.53535     1.60357     1.50071     1.50071     1.60357     1.53534     1.61392     1.70696     1.64384                                                                        
       1.64515     1.78908     1.59488     1.60357     1.63299     1.61939     1.53153     1.61939     1.63299     1.60357     1.59488     1.78908     1.64515                                                            
       1.64384     1.78908     0.00000     1.50071     1.61939     0.00000     1.58357     1.58357     0.00000     1.61939     1.50071     0.00000     1.78908     1.64384                                                
       1.66361     1.70696     1.59488     1.50071     1.53153     1.58357     1.57178     1.47956     1.57178     1.58357     1.53153     1.50071     1.59488     1.70696     1.66361                                    
       1.73013     1.83935     1.61392     1.60357     1.61939     1.58357     1.47956     1.56488     1.56488     1.47956     1.58357     1.61939     1.60357     1.61392     1.83935     1.73013                        
       1.91158     1.97004     0.00000     1.53534     1.63299     0.00000     1.57178     1.56488     0.00003     1.56488     1.57178     0.00000     1.63299     1.53534     0.00000     1.97004     1.91158            
                   1.73013     1.83935     1.61392     1.60357     1.61939     1.58357     1.47956     1.56488     1.56488     1.47956     1.58357     1.61939     1.60357     1.61392     1.83935     1.73013            
                               1.66361     1.70696     1.59488     1.50071     1.53153     1.58357     1.57178     1.47956     1.57178     1.58357     1.53153     1.50071     1.59488     1.70696     1.66361            
                                           1.64384     1.78908     0.00000     1.50071     1.61939     0.00000     1.58357     1.58357     0.00000     1.61939     1.50071     0.00000     1.78908     1.64384            
                                                       1.64515     1.78908     1.59488     1.60357     1.63299     1.61939     1.53153     1.61939     1.63299     1.60357     1.59488     1.78908     1.64515            
                                                                   1.64384     1.70696     1.61392     1.53534     1.60357     1.50071     1.50071     1.60357     1.53535     1.61392     1.70696     1.64384            
                                                                               1.66361     1.83935     0.00000     1.61392     1.59488     0.00000     1.59488     1.61392     0.00000     1.83935     1.66361            
                                                                                           1.73013     1.97004     1.83935     1.70696     1.78908     1.78908     1.70696     1.83935     1.97004     1.73013            
                                                                                                       1.91158     1.73013     1.66361     1.64384     1.64515     1.64384     1.66361     1.73013     1.91158            
 
- Axially Averaged 2D Assembly Power -
 
 
     Max. =     1.000
 
 - Radially Averaged 1D Power -
   Plane #   Power
         1  1.0000

 -  Axially Averaged 2D Flux -
 -  Groups per Assembly
- Order of assembly : Start from left-top, proceed first x-dir, later y-dir -
 
        Group   Assembly       1
            1        2.3733E+03
            2        4.8233E+03
            3        2.1986E+03
            4        7.9630E+02
            5        4.8764E+02
            6        3.5114E+02
            7        4.1114E+02
 
 -  Radially Averaged 1D Flux -
 
                --- > Plane #
  Energy Group         1
         1         2.3733E+03
         2         4.8233E+03
         3         2.1986E+03
         4         7.9630E+02
         5         4.8764E+02
         6         3.5114E+02
         7         4.1114E+02
 
 - Core Spectrum -
 
         1     2.3733E+03
         2     4.8233E+03
         3     2.1986E+03
         4     7.9630E+02
         5     4.8764E+02
         6     3.5114E+02
         7     4.1114E+02
 
 -  Flux Distribution for selected Pins -  
       Pin Identifier
 
========================================================================
               Total Time =        12.56  Sec
              Subgrp. FSP =         0.00  Sec
              Subgrp. RT. =         0.00  Sec,  N =      0
                   MOC MG =        10.64  Sec,  N =      5,  # THREAD =   6
                  MOC RT. =         0.00  Sec
                  CMFD MG =         0.07  Sec,  N =     42
                  CMFD MG =         0.07  Sec,  N =     42
                CMFD Init =         0.02  Sec,
                 Ax NODAL =         0.00  Sec
                Ax Kernel =         0.00  Sec
                     Ax=b =         0.04  Sec
                     DEPL =         0.00  Sec
                      T-H =         0.00  Sec
                    Comm  =         0.00  Sec

00:00:12.541 Job Finished at 12:11:58.
 
  Devoloped by
         ______    __    __   __    __   _______    _______    __        
        /      \  /  \  /  | /  |  /  | /       \  /       \  /  |       
       /$$$$$$  | $$  \ $$ | $$ |  $$ | $$$$$$$  | $$$$$$$  | $$ |       
       $$ \__$$/  $$$  \$$ | $$ |  $$ | $$ |__$$ | $$ |__$$ | $$ |       
       $$      \  $$$$  $$ | $$ |  $$ | $$    $$<  $$    $$/  $$ |       
        $$$$$$  | $$ $$ $$ | $$ |  $$ | $$$$$$$  | $$$$$$$/   $$ |       
       /  \__$$ | $$ |$$$$ | $$ \__$$ | $$ |  $$ | $$ |       $$ |_____  
       $$    $$/  $$ | $$$ | $$    $$/  $$ |  $$ | $$ |       $$       | 
        $$$$$$/   $$/   $$/   $$$$$$/   $$/   $$/  $$/        $$$$$$$$/  
 
