nTRACERnTRACERnTRACERnTRACERnTRACERnTRACERnTRACERnTRACERnTRACERnTRACERnTRACERnTRACERnTRACERnTRACERnTRACERnTRACERnTRACERnTRACER



    b.             8 8888888 8888888888 8 888888888o.            .8.           ,o888888o.    8 8888888888   8 888888888o.                                                                                                                                        
    888o.          8       8 8888       8 8888    `88.          .888.         8888     `88.  8 8888         8 8888    `88.                                                                                                                                       
    Y88888o.       8       8 8888       8 8888     `88         :88888.     ,8 8888       `8. 8 8888         8 8888     `88                                                                                                                                       
    .`Y888888o.    8       8 8888       8 8888     ,88        . `88888.    88 8888           8 8888         8 8888     ,88                                                                                                                                       
    8o. `Y888888o. 8       8 8888       8 8888.   ,88'       .8. `88888.   88 8888           8 888888888888 8 8888.   ,88'                                                                                                                                       
    8`Y8o. `Y88888o8       8 8888       8 888888888P'       .8`8. `88888.  88 8888           8 8888         8 888888888P'                                                                                                                                        
    8   `Y8o. `Y8888       8 8888       8 8888`8b          .8' `8. `88888. 88 8888           8 8888         8 8888`8b                                                                                                                                            
    8      `Y8o. `Y8       8 8888       8 8888 `8b.       .8'   `8. `88888.`8 8888       .8' 8 8888         8 8888 `8b.                                                                                                                                          
    8         `Y8o.`       8 8888       8 8888   `8b.    .888888888. `88888.  8888     ,88'  8 8888         8 8888   `8b.                                                                                                                                        
    8            `Yo       8 8888       8 8888     `88. .8'       `8. `88888.  `8888888P'    8 888888888888 8 8888     `88.                                                                                                                                      



                                                        v2.50 Beta - 19/01/07

nTRACERnTRACERnTRACERnTRACERnTRACERnTRACERnTRACERnTRACERnTRACERnTRACERnTRACERnTRACERnTRACERnTRACERnTRACERnTRACERnTRACERnTRACER


           Executing Case 2D_C5G7_H_FC
           by user on HAYEON at 12:12:03, Oct. 22, 2020...





                                             Echo of Input Deck nTRACER.INP
------------------------------------------------------------------------------------------------------------------------------
CASEID 2D_C5G7_H_FC
STATE
 th_cond     17.67357 293.33333  15.51315 84.08895  ! power_fa [MW], t_in [C], p_exit [MPa], mdot_fa [kg/s]

XSEC
 LIB_TYPE    1
 GROUP_SPEC  7
 FILE        ./lib/c5g7.xslib

PARALLEL
 MOC_TRD     14 ! 14
 CMFD_TRD    14

OPTION
 RAY         0.05  12  4
 NODE_MAJOR  T

CONV
 nMaxOuter   1500
 Eig_Conv    1E-6
 Psi_Conv    1E-6
 Res_Conv    5E-7
GEOM
 HEX         T
 ax_mesh     1*1
 pitch       20.6114046100696
! HexOpt     T  T  2  20  0.5  20  0.5

 cell  1     0.5400 / 1 7 / 6 4 / 9 / 1.35099962990372 / 20.28 ! Fuel
 cell  2     0.5400 / 2 7 / 6 4 / 9 / 1.35099962990372 / 20.28 ! Fuel
 cell  3     0.5400 / 3 7 / 6 4 / 9 / 1.35099962990372 / 20.28 ! Fuel
 cell  4     0.5400 / 4 7 / 6 4 / 9 / 1.35099962990372 / 20.28 ! Fuel
 cell  5     0.5400 / 5 7 / 6 4 / 9 / 1.35099962990372 / 20.28 ! Fiss Cham
 cell  6     0.5400 / 6 7 / 6 4 / 9 / 1.35099962990372 / 20.28 ! GT
 cell  7     0.5400 / 7 7 / 6 4 / 9 / 1.35099962990372 / 20.28 ! Mod

 Pin 1       1
 Pin 2       2
 Pin 3       3
 Pin 4       4
 Pin 5       5
 Pin 6       6
 Pin 7       7

 Gap_Cell 1  7 / 2 / 9 / 1.35099962990372 / 20.28

 Gap_Pin 1   1

 assembly 1  360 / 1 / 9 / 1.35099962990372 / 20.28
  1  1  1  1  1  1  1  1  1
  1  1  1  1  1  1  1  1  1  1
  1  1  6  1  1  6  1  1  6  1  1
  1  1  1  1  1  1  1  1  1  1  1  1
  1  1  1  1  1  1  1  1  1  1  1  1  1
  1  1  6  1  1  6  1  1  6  1  1  6  1  1
  1  1  1  1  1  1  1  1  1  1  1  1  1  1  1
  1  1  1  1  1  1  1  1  1  1  1  1  1  1  1  1
  1  1  6  1  1  6  1  1  5  1  1  6  1  1  6  1  1
     1  1  1  1  1  1  1  1  1  1  1  1  1  1  1  1
        1  1  1  1  1  1  1  1  1  1  1  1  1  1  1
           1  1  6  1  1  6  1  1  6  1  1  6  1  1
              1  1  1  1  1  1  1  1  1  1  1  1  1
                 1  1  1  1  1  1  1  1  1  1  1  1
                    1  1  6  1  1  6  1  1  6  1  1
                       1  1  1  1  1  1  1  1  1  1
                          1  1  1  1  1  1  1  1  1

 assembly 2  360 / 1 / 9 / 1.35099962990372 / 20.28
  2  2  2  2  2  2  2  2  2
  2  3  3  3  3  3  3  3  3  2
  2  3  6  3  3  6  3  3  6  3  2
  2  3  3  3  4  3  3  4  3  3  3  2
  2  3  3  4  4  4  4  4  4  4  3  3  2
  2  3  6  3  4  6  4  4  6  4  3  6  3  2
  2  3  3  3  4  4  4  4  4  4  4  3  3  3  2
  2  3  3  4  4  4  4  4  4  4  4  4  4  3  3  2
  2  3  6  3  4  6  4  4  5  4  4  6  4  3  6  3  2
     2  3  3  4  4  4  4  4  4  4  4  4  4  3  3  2
        2  3  3  3  4  4  4  4  4  4  4  3  3  3  2
           2  3  6  3  4  6  4  4  6  4  3  6  3  2
              2  3  3  4  4  4  4  4  4  4  3  3  2
                 2  3  3  3  4  3  3  4  3  3  3  2
                    2  3  6  3  3  6  3  3  6  3  2
                       2  3  3  3  3  3  3  3  3  2
                          2  2  2  2  2  2  2  2  2

 assembly 3  360 / 1 / 9 / 1.35099962990372 / 20.28
  7

 rad_conf    60 CENT
  1  2  2  3
     2  1  3
        2  3
           3

! rad_conf   360 CENT
!  3  3  3  3
!  3  2  1  2  3
!  3  1  2  2  1  3
!  3  2  2  1  2  2  3
!     3  1  2  2  1  3
!        3  2  1  2  3
!           3  3  3  3

 albedo      0.5  0.  0.

MKL
MKL
 AXTYPE      3  0
==============================================================================================================================
00:00:00.005 Reading Input from nTRACER.INP...
00:00:00.005 SCHEME : NODE MAJOR / DCMP : F / LinSrc : F
00:00:00.005 -------------------------------------------------------------------
00:00:00.006 HEX : Set Geom ...
00:00:00.012       Set CMFD Map ...
00:00:00.105       Set Ray Basic Data ...
00:00:00.306       Set Asy Ray Base ...
00:00:00.308           1 ...
00:00:01.403       Set Core Ray ...
00:00:01.465       Connect Core Ray ...
00:00:02.331       Convert Hex Ray ...
00:00:02.331 ------------------------------------------------------------------------
00:00:02.402 Initialize Control Rod Features...
00:00:02.403   Control Rod Cusping Module is not active...
00:00:02.418 Set Control Rod Position...
00:00:02.419 MOC Under-relaxtion Option :   F
00:00:02.419 Axial Reflector FDM Option :   F
00:00:02.419 Cell Homogenization...
00:00:02.423 Linear System Construction...
00:00:02.435 Performing CMFD Calculation...
  MGOUTER        1              1.071815      1.00000      1.352E-01
  MGOUTER        2              1.130549      0.35930      4.858E-02
  MGOUTER        3              1.147887      0.18050      2.441E-02
  MGOUTER        4              1.153909      0.11264      1.523E-02
  MGOUTER        5              1.156649      0.07993      1.081E-02
  MGOUTER        6              1.158129      0.06027      8.149E-03
  MGOUTER        7              1.159002      0.04666      6.309E-03
00:00:02.476 Performing Ray Tracing    1...
          Group    1   to    7   finished in      2.009  Sec
          Group    4   to    7   finished in      1.379  Sec
00:00:05.915    RT      1       1.085532   6.768E-02   1.011E-01   6.491E-03
00:00:05.921 Cell Homogenization...
00:00:05.927 Linear System Construction...
00:00:05.929 Performing CMFD Calculation...
  MGOUTER        8              1.159363      1.00000      9.803E-03
  MGOUTER        9              1.162835      0.40328      3.953E-03
  MGOUTER       10              1.162903      0.29942      2.935E-03
  MGOUTER       11              1.162967      0.23177      2.272E-03
  MGOUTER       12              1.163028      0.18048      1.769E-03
  MGOUTER       13              1.163072      0.14094      1.382E-03
  MGOUTER       14              1.163102      0.11027      1.081E-03
  MGOUTER       15              1.163123      0.08637      8.467E-04
  Convergence - Flux :  F   TH :  F   B-Search:  T
00:00:05.972 Performing Ray Tracing    2...
          Group    1   to    7   finished in      1.898  Sec
          Group    4   to    7   finished in      1.453  Sec
00:00:09.371    RT      2       1.159881   2.795E-03   6.989E-03   7.769E-04
00:00:09.381 Cell Homogenization...
00:00:09.384 Linear System Construction...
00:00:09.387 Performing CMFD Calculation...
  MGOUTER       16              1.162033      1.00000      1.734E-03
  MGOUTER       17              1.162499      0.48774      8.458E-04
  MGOUTER       18              1.162550      0.37376      6.482E-04
  MGOUTER       19              1.162563      0.29415      5.101E-04
  MGOUTER       20              1.162570      0.23160      4.016E-04
  MGOUTER       21              1.162575      0.18215      3.159E-04
  MGOUTER       22              1.162578      0.14314      2.482E-04
  MGOUTER       23              1.162580      0.11243      1.950E-04
  MGOUTER       24              1.162582      0.08828      1.531E-04
  Convergence - Flux :  F   TH :  F   B-Search:  T
00:00:09.432 Performing Ray Tracing    3...
          Group    1   to    7   finished in      1.871  Sec
          Group    4   to    7   finished in      1.438  Sec
00:00:12.788    RT      3       1.162225   3.076E-04   1.091E-03   1.113E-04
00:00:12.796 Cell Homogenization...
00:00:12.800 Linear System Construction...
00:00:12.801 Performing CMFD Calculation...
  MGOUTER       25              1.162590      1.00000      2.354E-04
  MGOUTER       26              1.162591      0.49624      1.168E-04
  MGOUTER       27              1.162589      0.38349      9.027E-05
  MGOUTER       28              1.162589      0.30063      7.076E-05
  MGOUTER       29              1.162589      0.23614      5.558E-05
  MGOUTER       30              1.162590      0.18551      4.367E-05
  MGOUTER       31              1.162590      0.14572      3.430E-05
  MGOUTER       32              1.162590      0.11443      2.694E-05
  MGOUTER       33              1.162590      0.08984      2.115E-05
  Convergence - Flux :  F   TH :  F   B-Search:  T
00:00:12.846 Performing Ray Tracing    4...
          Group    1   to    7   finished in      1.868  Sec
          Group    4   to    7   finished in      1.443  Sec
00:00:16.208    RT      4       1.162498   7.932E-05   2.002E-04   3.282E-05
00:00:16.217 Cell Homogenization...
00:00:16.222 Linear System Construction...
00:00:16.225 Performing CMFD Calculation...
  MGOUTER       34              1.162557      1.00000      5.636E-05
  MGOUTER       35              1.162571      0.43115      2.430E-05
  MGOUTER       36              1.162572      0.32687      1.842E-05
  MGOUTER       37              1.162572      0.25712      1.449E-05
  MGOUTER       38              1.162572      0.20253      1.141E-05
  MGOUTER       39              1.162573      0.15936      8.981E-06
  MGOUTER       40              1.162573      0.12529      7.061E-06
  MGOUTER       41              1.162573      0.09845      5.548E-06
  Convergence - Flux :  F   TH :  F   B-Search:  T
00:00:16.269 Performing Ray Tracing    5...
          Group    1   to    7   finished in      1.865  Sec
          Group    4   to    7   finished in      1.460  Sec
00:00:19.641    RT      5       1.162560   1.063E-05   3.597E-05   5.487E-06
00:00:19.649 Cell Homogenization...
00:00:19.653 Linear System Construction...
00:00:19.655 Performing CMFD Calculation...
  MGOUTER       42              1.162569      1.00000      1.033E-05
  MGOUTER       43              1.162571      0.49763      5.139E-06
  MGOUTER       44              1.162571      0.38106      3.935E-06
  MGOUTER       45              1.162571      0.29957      3.094E-06
  MGOUTER       46              1.162571      0.23568      2.434E-06
  MGOUTER       47              1.162571      0.18522      1.913E-06
  MGOUTER       48              1.162571      0.14545      1.502E-06
  MGOUTER       49              1.162571      0.11417      1.179E-06
  MGOUTER       50              1.162571      0.08959      9.253E-07
  Convergence - Flux :  F   TH :  F   B-Search:  T
00:00:19.699 Performing Ray Tracing    6...
          Group    1   to    7   finished in      1.867  Sec
          Group    4   to    7   finished in      1.458  Sec
00:00:23.077    RT      6       1.162568   2.519E-06   7.133E-06   2.343E-06
00:00:23.086 Cell Homogenization...
00:00:23.089 Linear System Construction...
00:00:23.091 Performing CMFD Calculation...
  MGOUTER       51              1.162569      1.00000      3.216E-06
  MGOUTER       52              1.162570      0.36930      1.188E-06
  MGOUTER       53              1.162570      0.27511      8.846E-07
  MGOUTER       54              1.162570      0.21582      6.940E-07
  MGOUTER       55              1.162570      0.16973      5.458E-07
  MGOUTER       56              1.162570      0.13335      4.288E-07
  MGOUTER       57              1.162570      0.10469      3.366E-07
  MGOUTER       58              1.162570      0.08216      2.642E-07
  Convergence - Flux :  F   TH :  F   B-Search:  T
00:00:23.135 Performing Ray Tracing    7...
          Group    1   to    7   finished in      1.849  Sec
          Group    4   to    7   finished in      1.448  Sec
00:00:26.480    RT      7       1.162569   3.349E-07   1.376E-06   5.741E-07
00:00:26.487 Cell Homogenization...
00:00:26.492 Linear System Construction...
00:00:26.493 Performing CMFD Calculation...
  MGOUTER       59              1.162569      1.00000      9.768E-07
  MGOUTER       60              1.162570      0.36303      3.546E-07
  MGOUTER       61              1.162570      0.26190      2.558E-07
  MGOUTER       62              1.162570      0.20403      1.993E-07
  MGOUTER       63              1.162570      0.16005      1.563E-07
  MGOUTER       64              1.162570      0.12553      1.226E-07
  MGOUTER       65              1.162570      0.09840      9.612E-08
  Convergence - Flux :  F   TH :  F   B-Search:  T
00:00:26.530 Performing Ray Tracing    8...
          Group    1   to    7   finished in      1.882  Sec
          Group    4   to    7   finished in      1.481  Sec
00:00:29.946    RT      8       1.162569   7.744E-08   3.677E-07   2.340E-07
00:00:29.952 Cell Homogenization...
00:00:29.958 Linear System Construction...
00:00:29.958 Performing CMFD Calculation...
  MGOUTER       66              1.162569      1.00000      3.328E-07
  MGOUTER       67              1.162569      0.35138      1.169E-07
  MGOUTER       68              1.162569      0.25966      8.642E-08
  MGOUTER       69              1.162569      0.20288      6.752E-08
  MGOUTER       70              1.162569      0.15908      5.294E-08
  MGOUTER       71              1.162569      0.12468      4.149E-08
  MGOUTER       72              1.162569      0.09769      3.251E-08
  Convergence - Flux :  T   TH :  F   B-Search:  T
Burnup =     0.000 MWD/kgHM    0.000 EPFD  keff =   1.16257  kinf(BK) =   1.16257  ppm =     0.00 ppm
-----------------------------------------------------------------------------
                    k-eff =      1.16257
00:00:29.993  Writing Calculation Results in Output File...
              Case No :    0    Calculation No :    0
 
========================================================================
     Results
     Case No        :    0
     Calculation No :    0
========================================================================
 
       k-eff =    1.16257
 
- 2D Pin Power -
- Coordinate : 1st = from NE to SW, 2nd = from NNW to SSE
 
Eff Pin Num   627.00000
 
Assembly    1 at (      1      1)
       0.00000     0.00000     0.00000     0.00000     0.00000     0.00000     0.00000     0.00000     0.00000                                                                                                            
       0.00000     0.00000     0.00000     0.00000     0.00000     0.00000     0.00000     0.00000     0.00000     0.00000                                                                                                
       0.00000     0.00000     0.00000     0.00000     0.00000     0.00000     0.00000     0.00000     0.00000     0.00000     0.00000                                                                                    
       0.00000     0.00000     0.00000     0.00000     0.00000     0.00000     0.00000     0.00000     0.00000     0.00000     0.00000     0.00000                                                                        
       0.00000     0.00000     0.00000     0.00000     0.00000     0.00000     0.00000     0.00000     0.00000     0.00000     0.00000     0.00000     2.99586                                                            
       0.00000     0.00000     0.00000     0.00000     0.00000     0.00000     0.00000     0.00000     0.00000     0.00000     0.00000     0.00000     2.96767     2.98914                                                
       0.00000     0.00000     0.00000     0.00000     0.00000     0.00000     0.00000     0.00000     0.00000     0.00000     2.92776     2.99177     2.96886     2.87269     2.98721                                    
       0.00000     0.00000     0.00000     0.00000     0.00000     0.00000     0.00000     0.00000     0.00000     2.96921     3.03873     3.01396     2.89728     2.95960     2.96098     3.00852                        
       0.00000     0.00000     0.00000     0.00000     0.00000     0.00000     0.00000     0.00000     0.00009     3.06350     3.05015     0.00000     3.00307     2.97197     0.00000     2.97799     3.06075            
                   0.00000     0.00000     0.00000     0.00000     0.00000     0.00000     0.00000     0.00000     0.00000     2.96921     3.03873     3.01396     2.89728     2.95960     2.96098     3.00852            
                               0.00000     0.00000     0.00000     0.00000     0.00000     0.00000     0.00000     0.00000     0.00000     0.00000     2.92776     2.99177     2.96886     2.87269     2.98721            
                                           0.00000     0.00000     0.00000     0.00000     0.00000     0.00000     0.00000     0.00000     0.00000     0.00000     0.00000     0.00000     2.96767     2.98914            
                                                       0.00000     0.00000     0.00000     0.00000     0.00000     0.00000     0.00000     0.00000     0.00000     0.00000     0.00000     0.00000     2.99586            
                                                                   0.00000     0.00000     0.00000     0.00000     0.00000     0.00000     0.00000     0.00000     0.00000     0.00000     0.00000     0.00000            
                                                                               0.00000     0.00000     0.00000     0.00000     0.00000     0.00000     0.00000     0.00000     0.00000     0.00000     0.00000            
                                                                                           0.00000     0.00000     0.00000     0.00000     0.00000     0.00000     0.00000     0.00000     0.00000     0.00000            
                                                                                                       0.00000     0.00000     0.00000     0.00000     0.00000     0.00000     0.00000     0.00000     0.00000            
Assembly    2 at (      2      1)
       0.00000     0.00000     0.00000     0.00000     0.00000     0.00000     0.00000     0.00000     0.00000                                                                                                            
       0.00000     0.00000     0.00000     0.00000     0.00000     0.00000     0.00000     0.00000     0.00000     0.00000                                                                                                
       0.00000     0.00000     0.00000     0.00000     0.00000     0.00000     0.00000     0.00000     0.00000     0.00000     0.00000                                                                                    
       0.00000     0.00000     0.00000     0.00000     0.00000     0.00000     0.00000     0.00000     0.00000     0.00000     0.00000     0.00000                                                                        
       0.00000     0.00000     0.00000     0.00000     0.00000     0.00000     0.00000     0.00000     0.00000     0.00000     0.00000     0.00000     1.71318                                                            
       0.00000     0.00000     0.00000     0.00000     0.00000     0.00000     0.00000     0.00000     0.00000     0.00000     0.00000     0.00000     1.94717     1.71429                                                
       0.00000     0.00000     0.00000     0.00000     0.00000     0.00000     0.00000     0.00000     0.00000     0.00000     1.87834     1.76756     1.80995     1.86067     1.74450                                    
       0.00000     0.00000     0.00000     0.00000     0.00000     0.00000     0.00000     0.00000     0.00000     1.94834     2.01354     1.99188     1.89414     1.83866     2.02671     1.85420                        
       0.00000     0.00000     0.00000     0.00000     0.00000     0.00000     0.00000     0.00000     0.00005     2.12379     2.05916     0.00000     2.01090     1.81770     0.00000     2.23119     2.17344            
                   0.00000     0.00000     0.00000     0.00000     0.00000     0.00000     2.19307     2.24176     2.18162     2.00708     2.07198     2.05556     1.97007     1.92821     2.18385     2.10727            
                               0.00000     0.00000     0.00000     0.00000     2.40198     2.40941     2.32835     2.12804     2.18878     2.14392     2.00418     1.90770     1.98426     2.11677     2.12841            
                                           0.00000     0.00000     0.00000     2.43967     2.52976     0.00000     2.34017     2.26064     0.00000     2.18493     1.95955     0.00000     2.29395     2.18920            
                                                       3.30691     3.22998     2.69405     2.58906     2.54463     2.44806     2.24653     2.30112     2.25946     2.15332     2.09601     2.35766     2.26119            
                                                                   3.29940     3.08309     2.71034     2.47541     2.48433     2.25232     2.19173     2.26844     2.11688     2.18320     2.31532     2.32348            
                                                                               3.30669     3.27262     0.00000     2.57644     2.44436     0.00000     2.31099     2.26735     0.00000     2.54445     2.40108            
                                                                                           3.36963     3.43732     3.01921     2.68555     2.71266     2.63770     2.44912     2.57675     2.75421     2.52479            
                                                                                                       3.56541     2.94122     2.67680     2.54644     2.46710     2.39612     2.36371     2.43334     2.76110            
Assembly    3 at (      3      1)
       0.00000     0.00000     0.00000     0.00000     0.00000     0.00000     0.00000     0.00000     0.00000                                                                                                            
       0.00000     0.00000     0.00000     0.00000     0.00000     0.00000     0.00000     0.00000     0.00000     0.00000                                                                                                
       0.00000     0.00000     0.00000     0.00000     0.00000     0.00000     0.00000     0.00000     0.00000     0.00000     0.00000                                                                                    
       0.00000     0.00000     0.00000     0.00000     0.00000     0.00000     0.00000     0.00000     0.00000     0.00000     0.00000     0.00000                                                                        
       0.00000     0.00000     0.00000     0.00000     0.00000     0.00000     0.00000     0.00000     0.00000     0.00000     0.00000     0.00000     0.57168                                                            
       0.00000     0.00000     0.00000     0.00000     0.00000     0.00000     0.00000     0.00000     0.00000     0.00000     0.00000     0.00000     0.53821     0.56922                                                
       0.00000     0.00000     0.00000     0.00000     0.00000     0.00000     0.00000     0.00000     0.00000     0.00000     0.57399     0.49714     0.48310     0.51071     0.57053                                    
       0.00000     0.00000     0.00000     0.00000     0.00000     0.00000     0.00000     0.00000     0.00000     0.69365     0.66491     0.61073     0.53157     0.48598     0.55159     0.59907                        
       0.00000     0.00000     0.00000     0.00000     0.00000     0.00000     0.00000     0.00000     0.00002     0.81320     0.72711     0.00000     0.61140     0.50298     0.00000     0.62588     0.73002            
                   0.00000     0.00000     0.00000     0.00000     0.00000     0.00000     0.99207     0.95811     0.88336     0.76163     0.72685     0.66884     0.58956     0.53869     0.61739     0.67643            
                               0.00000     0.00000     0.00000     0.00000     1.18846     1.14289     1.05727     0.91189     0.88233     0.81201     0.69906     0.61462     0.60385     0.64359     0.72295            
                                           0.00000     0.00000     0.00000     1.25163     1.24860     0.00000     1.06213     0.96166     0.00000     0.82020     0.67468     0.00000     0.75596     0.80755            
                                                       1.61870     1.66958     1.40922     1.33051     1.25995     1.16447     1.01683     0.97791     0.90203     0.80132     0.73491     0.83803     0.90857            
                                                                   1.62077     1.60451     1.43197     1.28737     1.24403     1.07988     1.00206     0.97012     0.84853     0.83629     0.89710     1.01756            
                                                                               1.64915     1.73859     0.00000     1.36608     1.24437     0.00000     1.07148     0.98058     0.00000     1.06712     1.14084            
                                                                                           1.75097     1.91656     1.70936     1.49398     1.44610     1.34402     1.18223     1.17377     1.25022     1.28445            
                                                                                                       2.04851     1.81760     1.66585     1.54477     1.43561     1.32617     1.23872     1.23233     1.48317            
Assembly    4 at (      4      1)
       0.00000     0.00000     0.00000     0.00000     0.00000     0.00000     0.00000     0.00000     0.00000                                                                                                            
       0.00000     0.00000     0.00000     0.00000     0.00000     0.00000     0.00000     0.00000     0.00000     0.00000                                                                                                
       0.00000     0.00000     0.00000     0.00000     0.00000     0.00000     0.00000     0.00000     0.00000     0.00000     0.00000                                                                                    
       0.00000     0.00000     0.00000     0.00000     0.00000     0.00000     0.00000     0.00000     0.00000     0.00000     0.00000     0.00000                                                                        
       0.00000     0.00000     0.00000     0.00000     0.00000     0.00000     0.00000     0.00000     0.00000     0.00000     0.00000     0.00000     0.00000                                                            
       0.00000     0.00000     0.00000     0.00000     0.00000     0.00000     0.00000     0.00000     0.00000     0.00000     0.00000     0.00000     0.00000     0.00000                                                
       0.00000     0.00000     0.00000     0.00000     0.00000     0.00000     0.00000     0.00000     0.00000     0.00000     0.00000     0.00000     0.00000     0.00000     0.00000                                    
       0.00000     0.00000     0.00000     0.00000     0.00000     0.00000     0.00000     0.00000     0.00000     0.00000     0.00000     0.00000     0.00000     0.00000     0.00000     0.00000                        
       0.00000     0.00000     0.00000     0.00000     0.00000     0.00000     0.00000     0.00000     0.00000     0.00000     0.00000     0.00000     0.00000     0.00000     0.00000     0.00000     0.00000            
                   0.00000     0.00000     0.00000     0.00000     0.00000     0.00000     0.00000     0.00000     0.00000     0.00000     0.00000     0.00000     0.00000     0.00000     0.00000     0.00000            
                               0.00000     0.00000     0.00000     0.00000     0.00000     0.00000     0.00000     0.00000     0.00000     0.00000     0.00000     0.00000     0.00000     0.00000     0.00000            
                                           0.00000     0.00000     0.00000     0.00000     0.00000     0.00000     0.00000     0.00000     0.00000     0.00000     0.00000     0.00000     0.00000     0.00000            
                                                       0.00000     0.00000     0.00000     0.00000     0.00000     0.00000     0.00000     0.00000     0.00000     0.00000     0.00000     0.00000     0.00000            
                                                                   0.00000     0.00000     0.00000     0.00000     0.00000     0.00000     0.00000     0.00000     0.00000     0.00000     0.00000     0.00000            
                                                                               0.00000     0.00000     0.00000     0.00000     0.00000     0.00000     0.00000     0.00000     0.00000     0.00000     0.00000            
                                                                                           0.00000     0.00000     0.00000     0.00000     0.00000     0.00000     0.00000     0.00000     0.00000     0.00000            
                                                                                                       0.00000     0.00000     0.00000     0.00000     0.00000     0.00000     0.00000     0.00000     0.00000            
Assembly    5 at (      2      2)
       3.56541     2.94122     2.67680     2.54644     2.46710     2.39612     2.36371     2.43334     2.76110                                                                                                            
       3.36963     3.43732     3.01921     2.68555     2.71266     2.63770     2.44912     2.57675     2.75421     2.52479                                                                                                
       3.30669     3.27262     0.00000     2.57644     2.44436     0.00000     2.31099     2.26735     0.00000     2.54445     2.40108                                                                                    
       3.29940     3.08309     2.71034     2.47541     2.48433     2.25232     2.19173     2.26844     2.11688     2.18320     2.31532     2.32348                                                                        
       3.30691     3.22998     2.69405     2.58906     2.54463     2.44806     2.24653     2.30112     2.25946     2.15332     2.09601     2.35766     2.26119                                                            
       0.00000     0.00000     0.00000     2.43967     2.52976     0.00000     2.34017     2.26064     0.00000     2.18493     1.95955     0.00000     2.29395     2.18920                                                
       0.00000     0.00000     0.00000     0.00000     2.40198     2.40941     2.32835     2.12804     2.18878     2.14392     2.00418     1.90770     1.98426     2.11677     2.12841                                    
       0.00000     0.00000     0.00000     0.00000     0.00000     0.00000     2.19307     2.24176     2.18162     2.00708     2.07198     2.05556     1.97007     1.92821     2.18385     2.10727                        
       0.00000     0.00000     0.00000     0.00000     0.00000     0.00000     0.00000     0.00000     0.00005     2.12379     2.05916     0.00000     2.01090     1.81770     0.00000     2.23119     2.17344            
                   0.00000     0.00000     0.00000     0.00000     0.00000     0.00000     0.00000     0.00000     0.00000     1.94834     2.01354     1.99188     1.89414     1.83866     2.02671     1.85420            
                               0.00000     0.00000     0.00000     0.00000     0.00000     0.00000     0.00000     0.00000     0.00000     0.00000     1.87834     1.76756     1.80995     1.86067     1.74450            
                                           0.00000     0.00000     0.00000     0.00000     0.00000     0.00000     0.00000     0.00000     0.00000     0.00000     0.00000     0.00000     1.94717     1.71429            
                                                       0.00000     0.00000     0.00000     0.00000     0.00000     0.00000     0.00000     0.00000     0.00000     0.00000     0.00000     0.00000     1.71318            
                                                                   0.00000     0.00000     0.00000     0.00000     0.00000     0.00000     0.00000     0.00000     0.00000     0.00000     0.00000     0.00000            
                                                                               0.00000     0.00000     0.00000     0.00000     0.00000     0.00000     0.00000     0.00000     0.00000     0.00000     0.00000            
                                                                                           0.00000     0.00000     0.00000     0.00000     0.00000     0.00000     0.00000     0.00000     0.00000     0.00000            
                                                                                                       0.00000     0.00000     0.00000     0.00000     0.00000     0.00000     0.00000     0.00000     0.00000            
Assembly    6 at (      3      2)
       1.74843     1.62050     1.50710     1.40501     1.30902     1.21377     1.13747     1.12311     1.27599                                                                                                            
       1.76829     1.65343     1.54729     1.40193     1.34739     1.25566     1.13182     1.10685     1.12283     1.30557                                                                                                
       1.80961     1.69434     0.00000     1.49900     1.39884     0.00000     1.21484     1.12736     0.00000     1.10222     1.28101                                                                                    
       1.86732     1.69817     1.64800     1.55623     1.41818     1.36389     1.27023     1.14198     1.09461     1.04732     1.03523     1.23164                                                                        
       1.92862     1.80873     1.70934     1.56720     1.52112     1.42831     1.29029     1.23170     1.14102     1.02789     1.00640     1.02047     1.17152                                                            
       1.98294     1.86283     0.00000     1.67409     1.57797     0.00000     1.39276     1.28921     0.00000     1.10131     1.01451     0.00000     0.97205     1.10536                                                
       2.04222     1.86080     1.81562     1.72636     1.58655     1.54187     1.44821     1.31105     1.24751     1.15111     1.02348     0.97092     0.91909     0.89586     1.04689                                    
       2.11768     1.97485     1.86805     1.72303     1.68493     1.59674     1.45876     1.40231     1.30490     1.16909     1.10210     1.00987     0.90117     0.87586     0.88850     1.02126                        
       2.21460     2.04156     0.00000     1.82397     1.73049     0.00000     1.55257     1.45195     0.00004     1.25712     1.15100     0.00000     0.96653     0.88895     0.00000     0.90033     1.08721            
                   2.11768     1.97485     1.86805     1.72303     1.68493     1.59674     1.45876     1.40231     1.30490     1.16909     1.10210     1.00987     0.90117     0.87586     0.88850     1.02126            
                               2.04222     1.86080     1.81562     1.72636     1.58655     1.54187     1.44821     1.31105     1.24751     1.15111     1.02348     0.97092     0.91909     0.89586     1.04689            
                                           1.98294     1.86283     0.00000     1.67409     1.57797     0.00000     1.39276     1.28921     0.00000     1.10131     1.01451     0.00000     0.97205     1.10536            
                                                       1.92862     1.80873     1.70934     1.56720     1.52112     1.42831     1.29029     1.23170     1.14102     1.02789     1.00640     1.02047     1.17152            
                                                                   1.86732     1.69817     1.64800     1.55623     1.41818     1.36389     1.27023     1.14198     1.09461     1.04732     1.03523     1.23164            
                                                                               1.80961     1.69434     0.00000     1.49900     1.39884     0.00000     1.21484     1.12736     0.00000     1.10222     1.28101            
                                                                                           1.76829     1.65343     1.54729     1.40193     1.34739     1.25566     1.13182     1.10685     1.12283     1.30557            
                                                                                                       1.74843     1.62050     1.50710     1.40501     1.30902     1.21377     1.13747     1.12311     1.27599            
Assembly    7 at (      4      2)
       0.00000     0.00000     0.00000     0.00000     0.00000     0.00000     0.00000     0.00000     0.00000                                                                                                            
       0.00000     0.00000     0.00000     0.00000     0.00000     0.00000     0.00000     0.00000     0.00000     0.00000                                                                                                
       0.00000     0.00000     0.00000     0.00000     0.00000     0.00000     0.00000     0.00000     0.00000     0.00000     0.00000                                                                                    
       0.00000     0.00000     0.00000     0.00000     0.00000     0.00000     0.00000     0.00000     0.00000     0.00000     0.00000     0.00000                                                                        
       0.00000     0.00000     0.00000     0.00000     0.00000     0.00000     0.00000     0.00000     0.00000     0.00000     0.00000     0.00000     0.00000                                                            
       0.00000     0.00000     0.00000     0.00000     0.00000     0.00000     0.00000     0.00000     0.00000     0.00000     0.00000     0.00000     0.00000     0.00000                                                
       0.00000     0.00000     0.00000     0.00000     0.00000     0.00000     0.00000     0.00000     0.00000     0.00000     0.00000     0.00000     0.00000     0.00000     0.00000                                    
       0.00000     0.00000     0.00000     0.00000     0.00000     0.00000     0.00000     0.00000     0.00000     0.00000     0.00000     0.00000     0.00000     0.00000     0.00000     0.00000                        
       0.00000     0.00000     0.00000     0.00000     0.00000     0.00000     0.00000     0.00000     0.00000     0.00000     0.00000     0.00000     0.00000     0.00000     0.00000     0.00000     0.00000            
                   0.00000     0.00000     0.00000     0.00000     0.00000     0.00000     0.00000     0.00000     0.00000     0.00000     0.00000     0.00000     0.00000     0.00000     0.00000     0.00000            
                               0.00000     0.00000     0.00000     0.00000     0.00000     0.00000     0.00000     0.00000     0.00000     0.00000     0.00000     0.00000     0.00000     0.00000     0.00000            
                                           0.00000     0.00000     0.00000     0.00000     0.00000     0.00000     0.00000     0.00000     0.00000     0.00000     0.00000     0.00000     0.00000     0.00000            
                                                       0.00000     0.00000     0.00000     0.00000     0.00000     0.00000     0.00000     0.00000     0.00000     0.00000     0.00000     0.00000     0.00000            
                                                                   0.00000     0.00000     0.00000     0.00000     0.00000     0.00000     0.00000     0.00000     0.00000     0.00000     0.00000     0.00000            
                                                                               0.00000     0.00000     0.00000     0.00000     0.00000     0.00000     0.00000     0.00000     0.00000     0.00000     0.00000            
                                                                                           0.00000     0.00000     0.00000     0.00000     0.00000     0.00000     0.00000     0.00000     0.00000     0.00000            
                                                                                                       0.00000     0.00000     0.00000     0.00000     0.00000     0.00000     0.00000     0.00000     0.00000            
Assembly    8 at (      3      3)
       2.04851     1.81760     1.66585     1.54477     1.43561     1.32617     1.23872     1.23233     1.48317                                                                                                            
       1.75097     1.91656     1.70936     1.49398     1.44610     1.34402     1.18223     1.17377     1.25022     1.28445                                                                                                
       1.64915     1.73859     0.00000     1.36608     1.24437     0.00000     1.07148     0.98058     0.00000     1.06712     1.14084                                                                                    
       1.62077     1.60451     1.43197     1.28737     1.24403     1.07988     1.00206     0.97012     0.84853     0.83629     0.89710     1.01756                                                                        
       1.61870     1.66958     1.40922     1.33051     1.25995     1.16447     1.01683     0.97791     0.90203     0.80132     0.73491     0.83803     0.90857                                                            
       0.00000     0.00000     0.00000     1.25163     1.24860     0.00000     1.06213     0.96166     0.00000     0.82020     0.67468     0.00000     0.75596     0.80755                                                
       0.00000     0.00000     0.00000     0.00000     1.18846     1.14289     1.05727     0.91189     0.88233     0.81201     0.69906     0.61462     0.60385     0.64359     0.72295                                    
       0.00000     0.00000     0.00000     0.00000     0.00000     0.00000     0.99207     0.95811     0.88336     0.76163     0.72685     0.66884     0.58956     0.53869     0.61739     0.67643                        
       0.00000     0.00000     0.00000     0.00000     0.00000     0.00000     0.00000     0.00000     0.00002     0.81320     0.72711     0.00000     0.61140     0.50298     0.00000     0.62588     0.73002            
                   0.00000     0.00000     0.00000     0.00000     0.00000     0.00000     0.00000     0.00000     0.00000     0.69365     0.66491     0.61073     0.53157     0.48598     0.55159     0.59907            
                               0.00000     0.00000     0.00000     0.00000     0.00000     0.00000     0.00000     0.00000     0.00000     0.00000     0.57399     0.49714     0.48310     0.51071     0.57053            
                                           0.00000     0.00000     0.00000     0.00000     0.00000     0.00000     0.00000     0.00000     0.00000     0.00000     0.00000     0.00000     0.53821     0.56922            
                                                       0.00000     0.00000     0.00000     0.00000     0.00000     0.00000     0.00000     0.00000     0.00000     0.00000     0.00000     0.00000     0.57168            
                                                                   0.00000     0.00000     0.00000     0.00000     0.00000     0.00000     0.00000     0.00000     0.00000     0.00000     0.00000     0.00000            
                                                                               0.00000     0.00000     0.00000     0.00000     0.00000     0.00000     0.00000     0.00000     0.00000     0.00000     0.00000            
                                                                                           0.00000     0.00000     0.00000     0.00000     0.00000     0.00000     0.00000     0.00000     0.00000     0.00000            
                                                                                                       0.00000     0.00000     0.00000     0.00000     0.00000     0.00000     0.00000     0.00000     0.00000            
Assembly    9 at (      4      3)
       0.00000     0.00000     0.00000     0.00000     0.00000     0.00000     0.00000     0.00000     0.00000                                                                                                            
       0.00000     0.00000     0.00000     0.00000     0.00000     0.00000     0.00000     0.00000     0.00000     0.00000                                                                                                
       0.00000     0.00000     0.00000     0.00000     0.00000     0.00000     0.00000     0.00000     0.00000     0.00000     0.00000                                                                                    
       0.00000     0.00000     0.00000     0.00000     0.00000     0.00000     0.00000     0.00000     0.00000     0.00000     0.00000     0.00000                                                                        
       0.00000     0.00000     0.00000     0.00000     0.00000     0.00000     0.00000     0.00000     0.00000     0.00000     0.00000     0.00000     0.00000                                                            
       0.00000     0.00000     0.00000     0.00000     0.00000     0.00000     0.00000     0.00000     0.00000     0.00000     0.00000     0.00000     0.00000     0.00000                                                
       0.00000     0.00000     0.00000     0.00000     0.00000     0.00000     0.00000     0.00000     0.00000     0.00000     0.00000     0.00000     0.00000     0.00000     0.00000                                    
       0.00000     0.00000     0.00000     0.00000     0.00000     0.00000     0.00000     0.00000     0.00000     0.00000     0.00000     0.00000     0.00000     0.00000     0.00000     0.00000                        
       0.00000     0.00000     0.00000     0.00000     0.00000     0.00000     0.00000     0.00000     0.00000     0.00000     0.00000     0.00000     0.00000     0.00000     0.00000     0.00000     0.00000            
                   0.00000     0.00000     0.00000     0.00000     0.00000     0.00000     0.00000     0.00000     0.00000     0.00000     0.00000     0.00000     0.00000     0.00000     0.00000     0.00000            
                               0.00000     0.00000     0.00000     0.00000     0.00000     0.00000     0.00000     0.00000     0.00000     0.00000     0.00000     0.00000     0.00000     0.00000     0.00000            
                                           0.00000     0.00000     0.00000     0.00000     0.00000     0.00000     0.00000     0.00000     0.00000     0.00000     0.00000     0.00000     0.00000     0.00000            
                                                       0.00000     0.00000     0.00000     0.00000     0.00000     0.00000     0.00000     0.00000     0.00000     0.00000     0.00000     0.00000     0.00000            
                                                                   0.00000     0.00000     0.00000     0.00000     0.00000     0.00000     0.00000     0.00000     0.00000     0.00000     0.00000     0.00000            
                                                                               0.00000     0.00000     0.00000     0.00000     0.00000     0.00000     0.00000     0.00000     0.00000     0.00000     0.00000            
                                                                                           0.00000     0.00000     0.00000     0.00000     0.00000     0.00000     0.00000     0.00000     0.00000     0.00000            
                                                                                                       0.00000     0.00000     0.00000     0.00000     0.00000     0.00000     0.00000     0.00000     0.00000            
Assembly   10 at (      4      4)
       0.00000     0.00000     0.00000     0.00000     0.00000     0.00000     0.00000     0.00000     0.00000                                                                                                            
       0.00000     0.00000     0.00000     0.00000     0.00000     0.00000     0.00000     0.00000     0.00000     0.00000                                                                                                
       0.00000     0.00000     0.00000     0.00000     0.00000     0.00000     0.00000     0.00000     0.00000     0.00000     0.00000                                                                                    
       0.00000     0.00000     0.00000     0.00000     0.00000     0.00000     0.00000     0.00000     0.00000     0.00000     0.00000     0.00000                                                                        
       0.00000     0.00000     0.00000     0.00000     0.00000     0.00000     0.00000     0.00000     0.00000     0.00000     0.00000     0.00000     0.00000                                                            
       0.00000     0.00000     0.00000     0.00000     0.00000     0.00000     0.00000     0.00000     0.00000     0.00000     0.00000     0.00000     0.00000     0.00000                                                
       0.00000     0.00000     0.00000     0.00000     0.00000     0.00000     0.00000     0.00000     0.00000     0.00000     0.00000     0.00000     0.00000     0.00000     0.00000                                    
       0.00000     0.00000     0.00000     0.00000     0.00000     0.00000     0.00000     0.00000     0.00000     0.00000     0.00000     0.00000     0.00000     0.00000     0.00000     0.00000                        
       0.00000     0.00000     0.00000     0.00000     0.00000     0.00000     0.00000     0.00000     0.00000     0.00000     0.00000     0.00000     0.00000     0.00000     0.00000     0.00000     0.00000            
                   0.00000     0.00000     0.00000     0.00000     0.00000     0.00000     0.00000     0.00000     0.00000     0.00000     0.00000     0.00000     0.00000     0.00000     0.00000     0.00000            
                               0.00000     0.00000     0.00000     0.00000     0.00000     0.00000     0.00000     0.00000     0.00000     0.00000     0.00000     0.00000     0.00000     0.00000     0.00000            
                                           0.00000     0.00000     0.00000     0.00000     0.00000     0.00000     0.00000     0.00000     0.00000     0.00000     0.00000     0.00000     0.00000     0.00000            
                                                       0.00000     0.00000     0.00000     0.00000     0.00000     0.00000     0.00000     0.00000     0.00000     0.00000     0.00000     0.00000     0.00000            
                                                                   0.00000     0.00000     0.00000     0.00000     0.00000     0.00000     0.00000     0.00000     0.00000     0.00000     0.00000     0.00000            
                                                                               0.00000     0.00000     0.00000     0.00000     0.00000     0.00000     0.00000     0.00000     0.00000     0.00000     0.00000            
                                                                                           0.00000     0.00000     0.00000     0.00000     0.00000     0.00000     0.00000     0.00000     0.00000     0.00000            
                                                                                                       0.00000     0.00000     0.00000     0.00000     0.00000     0.00000     0.00000     0.00000     0.00000            
 
- Local Pin Power -
- Coordinate : 1st = from NE to SW, 2nd = from NNW to SSE
 
Eff Pin Num   627.00000
 
 Plane    1
Assembly    1 at (      1      1 )
       0.00000     0.00000     0.00000     0.00000     0.00000     0.00000     0.00000     0.00000     0.00000                                                                                                            
       0.00000     0.00000     0.00000     0.00000     0.00000     0.00000     0.00000     0.00000     0.00000     0.00000                                                                                                
       0.00000     0.00000     0.00000     0.00000     0.00000     0.00000     0.00000     0.00000     0.00000     0.00000     0.00000                                                                                    
       0.00000     0.00000     0.00000     0.00000     0.00000     0.00000     0.00000     0.00000     0.00000     0.00000     0.00000     0.00000                                                                        
       0.00000     0.00000     0.00000     0.00000     0.00000     0.00000     0.00000     0.00000     0.00000     0.00000     0.00000     0.00000     2.99586                                                            
       0.00000     0.00000     0.00000     0.00000     0.00000     0.00000     0.00000     0.00000     0.00000     0.00000     0.00000     0.00000     2.96767     2.98914                                                
       0.00000     0.00000     0.00000     0.00000     0.00000     0.00000     0.00000     0.00000     0.00000     0.00000     2.92776     2.99177     2.96886     2.87269     2.98721                                    
       0.00000     0.00000     0.00000     0.00000     0.00000     0.00000     0.00000     0.00000     0.00000     2.96921     3.03873     3.01396     2.89728     2.95960     2.96098     3.00852                        
       0.00000     0.00000     0.00000     0.00000     0.00000     0.00000     0.00000     0.00000     0.00009     3.06350     3.05015     0.00000     3.00307     2.97197     0.00000     2.97799     3.06075            
                   0.00000     0.00000     0.00000     0.00000     0.00000     0.00000     0.00000     0.00000     0.00000     2.96921     3.03873     3.01396     2.89728     2.95960     2.96098     3.00852            
                               0.00000     0.00000     0.00000     0.00000     0.00000     0.00000     0.00000     0.00000     0.00000     0.00000     2.92776     2.99177     2.96886     2.87269     2.98721            
                                           0.00000     0.00000     0.00000     0.00000     0.00000     0.00000     0.00000     0.00000     0.00000     0.00000     0.00000     0.00000     2.96767     2.98914            
                                                       0.00000     0.00000     0.00000     0.00000     0.00000     0.00000     0.00000     0.00000     0.00000     0.00000     0.00000     0.00000     2.99586            
                                                                   0.00000     0.00000     0.00000     0.00000     0.00000     0.00000     0.00000     0.00000     0.00000     0.00000     0.00000     0.00000            
                                                                               0.00000     0.00000     0.00000     0.00000     0.00000     0.00000     0.00000     0.00000     0.00000     0.00000     0.00000            
                                                                                           0.00000     0.00000     0.00000     0.00000     0.00000     0.00000     0.00000     0.00000     0.00000     0.00000            
                                                                                                       0.00000     0.00000     0.00000     0.00000     0.00000     0.00000     0.00000     0.00000     0.00000            
Assembly    2 at (      2      1 )
       0.00000     0.00000     0.00000     0.00000     0.00000     0.00000     0.00000     0.00000     0.00000                                                                                                            
       0.00000     0.00000     0.00000     0.00000     0.00000     0.00000     0.00000     0.00000     0.00000     0.00000                                                                                                
       0.00000     0.00000     0.00000     0.00000     0.00000     0.00000     0.00000     0.00000     0.00000     0.00000     0.00000                                                                                    
       0.00000     0.00000     0.00000     0.00000     0.00000     0.00000     0.00000     0.00000     0.00000     0.00000     0.00000     0.00000                                                                        
       0.00000     0.00000     0.00000     0.00000     0.00000     0.00000     0.00000     0.00000     0.00000     0.00000     0.00000     0.00000     1.71318                                                            
       0.00000     0.00000     0.00000     0.00000     0.00000     0.00000     0.00000     0.00000     0.00000     0.00000     0.00000     0.00000     1.94717     1.71429                                                
       0.00000     0.00000     0.00000     0.00000     0.00000     0.00000     0.00000     0.00000     0.00000     0.00000     1.87834     1.76756     1.80995     1.86067     1.74450                                    
       0.00000     0.00000     0.00000     0.00000     0.00000     0.00000     0.00000     0.00000     0.00000     1.94834     2.01354     1.99188     1.89414     1.83866     2.02671     1.85420                        
       0.00000     0.00000     0.00000     0.00000     0.00000     0.00000     0.00000     0.00000     0.00005     2.12379     2.05916     0.00000     2.01090     1.81770     0.00000     2.23119     2.17344            
                   0.00000     0.00000     0.00000     0.00000     0.00000     0.00000     2.19307     2.24176     2.18162     2.00708     2.07198     2.05556     1.97007     1.92821     2.18385     2.10727            
                               0.00000     0.00000     0.00000     0.00000     2.40198     2.40941     2.32835     2.12804     2.18878     2.14392     2.00418     1.90770     1.98426     2.11677     2.12841            
                                           0.00000     0.00000     0.00000     2.43967     2.52976     0.00000     2.34017     2.26064     0.00000     2.18493     1.95955     0.00000     2.29395     2.18920            
                                                       3.30691     3.22998     2.69405     2.58906     2.54463     2.44806     2.24653     2.30112     2.25946     2.15332     2.09601     2.35766     2.26119            
                                                                   3.29940     3.08309     2.71034     2.47541     2.48433     2.25232     2.19173     2.26844     2.11688     2.18320     2.31532     2.32348            
                                                                               3.30669     3.27262     0.00000     2.57644     2.44436     0.00000     2.31099     2.26735     0.00000     2.54445     2.40108            
                                                                                           3.36963     3.43732     3.01921     2.68555     2.71266     2.63770     2.44912     2.57675     2.75421     2.52479            
                                                                                                       3.56541     2.94122     2.67680     2.54644     2.46710     2.39612     2.36371     2.43334     2.76110            
Assembly    3 at (      3      1 )
       0.00000     0.00000     0.00000     0.00000     0.00000     0.00000     0.00000     0.00000     0.00000                                                                                                            
       0.00000     0.00000     0.00000     0.00000     0.00000     0.00000     0.00000     0.00000     0.00000     0.00000                                                                                                
       0.00000     0.00000     0.00000     0.00000     0.00000     0.00000     0.00000     0.00000     0.00000     0.00000     0.00000                                                                                    
       0.00000     0.00000     0.00000     0.00000     0.00000     0.00000     0.00000     0.00000     0.00000     0.00000     0.00000     0.00000                                                                        
       0.00000     0.00000     0.00000     0.00000     0.00000     0.00000     0.00000     0.00000     0.00000     0.00000     0.00000     0.00000     0.57168                                                            
       0.00000     0.00000     0.00000     0.00000     0.00000     0.00000     0.00000     0.00000     0.00000     0.00000     0.00000     0.00000     0.53821     0.56922                                                
       0.00000     0.00000     0.00000     0.00000     0.00000     0.00000     0.00000     0.00000     0.00000     0.00000     0.57399     0.49714     0.48310     0.51071     0.57053                                    
       0.00000     0.00000     0.00000     0.00000     0.00000     0.00000     0.00000     0.00000     0.00000     0.69365     0.66491     0.61073     0.53157     0.48598     0.55159     0.59907                        
       0.00000     0.00000     0.00000     0.00000     0.00000     0.00000     0.00000     0.00000     0.00002     0.81320     0.72711     0.00000     0.61140     0.50298     0.00000     0.62588     0.73002            
                   0.00000     0.00000     0.00000     0.00000     0.00000     0.00000     0.99207     0.95811     0.88336     0.76163     0.72685     0.66884     0.58956     0.53869     0.61739     0.67643            
                               0.00000     0.00000     0.00000     0.00000     1.18846     1.14289     1.05727     0.91189     0.88233     0.81201     0.69906     0.61462     0.60385     0.64359     0.72295            
                                           0.00000     0.00000     0.00000     1.25163     1.24860     0.00000     1.06213     0.96166     0.00000     0.82020     0.67468     0.00000     0.75596     0.80755            
                                                       1.61870     1.66958     1.40922     1.33051     1.25995     1.16447     1.01683     0.97791     0.90203     0.80132     0.73491     0.83803     0.90857            
                                                                   1.62077     1.60451     1.43197     1.28737     1.24403     1.07988     1.00206     0.97012     0.84853     0.83629     0.89710     1.01756            
                                                                               1.64915     1.73859     0.00000     1.36608     1.24437     0.00000     1.07148     0.98058     0.00000     1.06712     1.14084            
                                                                                           1.75097     1.91656     1.70936     1.49398     1.44610     1.34402     1.18223     1.17377     1.25022     1.28445            
                                                                                                       2.04851     1.81760     1.66585     1.54477     1.43561     1.32617     1.23872     1.23233     1.48317            
Assembly    4 at (      4      1 )
       0.00000     0.00000     0.00000     0.00000     0.00000     0.00000     0.00000     0.00000     0.00000                                                                                                            
       0.00000     0.00000     0.00000     0.00000     0.00000     0.00000     0.00000     0.00000     0.00000     0.00000                                                                                                
       0.00000     0.00000     0.00000     0.00000     0.00000     0.00000     0.00000     0.00000     0.00000     0.00000     0.00000                                                                                    
       0.00000     0.00000     0.00000     0.00000     0.00000     0.00000     0.00000     0.00000     0.00000     0.00000     0.00000     0.00000                                                                        
       0.00000     0.00000     0.00000     0.00000     0.00000     0.00000     0.00000     0.00000     0.00000     0.00000     0.00000     0.00000     0.00000                                                            
       0.00000     0.00000     0.00000     0.00000     0.00000     0.00000     0.00000     0.00000     0.00000     0.00000     0.00000     0.00000     0.00000     0.00000                                                
       0.00000     0.00000     0.00000     0.00000     0.00000     0.00000     0.00000     0.00000     0.00000     0.00000     0.00000     0.00000     0.00000     0.00000     0.00000                                    
       0.00000     0.00000     0.00000     0.00000     0.00000     0.00000     0.00000     0.00000     0.00000     0.00000     0.00000     0.00000     0.00000     0.00000     0.00000     0.00000                        
       0.00000     0.00000     0.00000     0.00000     0.00000     0.00000     0.00000     0.00000     0.00000     0.00000     0.00000     0.00000     0.00000     0.00000     0.00000     0.00000     0.00000            
                   0.00000     0.00000     0.00000     0.00000     0.00000     0.00000     0.00000     0.00000     0.00000     0.00000     0.00000     0.00000     0.00000     0.00000     0.00000     0.00000            
                               0.00000     0.00000     0.00000     0.00000     0.00000     0.00000     0.00000     0.00000     0.00000     0.00000     0.00000     0.00000     0.00000     0.00000     0.00000            
                                           0.00000     0.00000     0.00000     0.00000     0.00000     0.00000     0.00000     0.00000     0.00000     0.00000     0.00000     0.00000     0.00000     0.00000            
                                                       0.00000     0.00000     0.00000     0.00000     0.00000     0.00000     0.00000     0.00000     0.00000     0.00000     0.00000     0.00000     0.00000            
                                                                   0.00000     0.00000     0.00000     0.00000     0.00000     0.00000     0.00000     0.00000     0.00000     0.00000     0.00000     0.00000            
                                                                               0.00000     0.00000     0.00000     0.00000     0.00000     0.00000     0.00000     0.00000     0.00000     0.00000     0.00000            
                                                                                           0.00000     0.00000     0.00000     0.00000     0.00000     0.00000     0.00000     0.00000     0.00000     0.00000            
                                                                                                       0.00000     0.00000     0.00000     0.00000     0.00000     0.00000     0.00000     0.00000     0.00000            
Assembly    5 at (      2      2 )
       3.56541     2.94122     2.67680     2.54644     2.46710     2.39612     2.36371     2.43334     2.76110                                                                                                            
       3.36963     3.43732     3.01921     2.68555     2.71266     2.63770     2.44912     2.57675     2.75421     2.52479                                                                                                
       3.30669     3.27262     0.00000     2.57644     2.44436     0.00000     2.31099     2.26735     0.00000     2.54445     2.40108                                                                                    
       3.29940     3.08309     2.71034     2.47541     2.48433     2.25232     2.19173     2.26844     2.11688     2.18320     2.31532     2.32348                                                                        
       3.30691     3.22998     2.69405     2.58906     2.54463     2.44806     2.24653     2.30112     2.25946     2.15332     2.09601     2.35766     2.26119                                                            
       0.00000     0.00000     0.00000     2.43967     2.52976     0.00000     2.34017     2.26064     0.00000     2.18493     1.95955     0.00000     2.29395     2.18920                                                
       0.00000     0.00000     0.00000     0.00000     2.40198     2.40941     2.32835     2.12804     2.18878     2.14392     2.00418     1.90770     1.98426     2.11677     2.12841                                    
       0.00000     0.00000     0.00000     0.00000     0.00000     0.00000     2.19307     2.24176     2.18162     2.00708     2.07198     2.05556     1.97007     1.92821     2.18385     2.10727                        
       0.00000     0.00000     0.00000     0.00000     0.00000     0.00000     0.00000     0.00000     0.00005     2.12379     2.05916     0.00000     2.01090     1.81770     0.00000     2.23119     2.17344            
                   0.00000     0.00000     0.00000     0.00000     0.00000     0.00000     0.00000     0.00000     0.00000     1.94834     2.01354     1.99188     1.89414     1.83866     2.02671     1.85420            
                               0.00000     0.00000     0.00000     0.00000     0.00000     0.00000     0.00000     0.00000     0.00000     0.00000     1.87834     1.76756     1.80995     1.86067     1.74450            
                                           0.00000     0.00000     0.00000     0.00000     0.00000     0.00000     0.00000     0.00000     0.00000     0.00000     0.00000     0.00000     1.94717     1.71429            
                                                       0.00000     0.00000     0.00000     0.00000     0.00000     0.00000     0.00000     0.00000     0.00000     0.00000     0.00000     0.00000     1.71318            
                                                                   0.00000     0.00000     0.00000     0.00000     0.00000     0.00000     0.00000     0.00000     0.00000     0.00000     0.00000     0.00000            
                                                                               0.00000     0.00000     0.00000     0.00000     0.00000     0.00000     0.00000     0.00000     0.00000     0.00000     0.00000            
                                                                                           0.00000     0.00000     0.00000     0.00000     0.00000     0.00000     0.00000     0.00000     0.00000     0.00000            
                                                                                                       0.00000     0.00000     0.00000     0.00000     0.00000     0.00000     0.00000     0.00000     0.00000            
Assembly    6 at (      3      2 )
       1.74843     1.62050     1.50710     1.40501     1.30902     1.21377     1.13747     1.12311     1.27599                                                                                                            
       1.76829     1.65343     1.54729     1.40193     1.34739     1.25566     1.13182     1.10685     1.12283     1.30557                                                                                                
       1.80961     1.69434     0.00000     1.49900     1.39884     0.00000     1.21484     1.12736     0.00000     1.10222     1.28101                                                                                    
       1.86732     1.69817     1.64800     1.55623     1.41818     1.36389     1.27023     1.14198     1.09461     1.04732     1.03523     1.23164                                                                        
       1.92862     1.80873     1.70934     1.56720     1.52112     1.42831     1.29029     1.23170     1.14102     1.02789     1.00640     1.02047     1.17152                                                            
       1.98294     1.86283     0.00000     1.67409     1.57797     0.00000     1.39276     1.28921     0.00000     1.10131     1.01451     0.00000     0.97205     1.10536                                                
       2.04222     1.86080     1.81562     1.72636     1.58655     1.54187     1.44821     1.31105     1.24751     1.15111     1.02348     0.97092     0.91909     0.89586     1.04689                                    
       2.11768     1.97485     1.86805     1.72303     1.68493     1.59674     1.45876     1.40231     1.30490     1.16909     1.10210     1.00987     0.90117     0.87586     0.88850     1.02126                        
       2.21460     2.04156     0.00000     1.82397     1.73049     0.00000     1.55257     1.45195     0.00004     1.25712     1.15100     0.00000     0.96653     0.88895     0.00000     0.90033     1.08721            
                   2.11768     1.97485     1.86805     1.72303     1.68493     1.59674     1.45876     1.40231     1.30490     1.16909     1.10210     1.00987     0.90117     0.87586     0.88850     1.02126            
                               2.04222     1.86080     1.81562     1.72636     1.58655     1.54187     1.44821     1.31105     1.24751     1.15111     1.02348     0.97092     0.91909     0.89586     1.04689            
                                           1.98294     1.86283     0.00000     1.67409     1.57797     0.00000     1.39276     1.28921     0.00000     1.10131     1.01451     0.00000     0.97205     1.10536            
                                                       1.92862     1.80873     1.70934     1.56720     1.52112     1.42831     1.29029     1.23170     1.14102     1.02789     1.00640     1.02047     1.17152            
                                                                   1.86732     1.69817     1.64800     1.55623     1.41818     1.36389     1.27023     1.14198     1.09461     1.04732     1.03523     1.23164            
                                                                               1.80961     1.69434     0.00000     1.49900     1.39884     0.00000     1.21484     1.12736     0.00000     1.10222     1.28101            
                                                                                           1.76829     1.65343     1.54729     1.40193     1.34739     1.25566     1.13182     1.10685     1.12283     1.30557            
                                                                                                       1.74843     1.62050     1.50710     1.40501     1.30902     1.21377     1.13747     1.12311     1.27599            
Assembly    7 at (      4      2 )
       0.00000     0.00000     0.00000     0.00000     0.00000     0.00000     0.00000     0.00000     0.00000                                                                                                            
       0.00000     0.00000     0.00000     0.00000     0.00000     0.00000     0.00000     0.00000     0.00000     0.00000                                                                                                
       0.00000     0.00000     0.00000     0.00000     0.00000     0.00000     0.00000     0.00000     0.00000     0.00000     0.00000                                                                                    
       0.00000     0.00000     0.00000     0.00000     0.00000     0.00000     0.00000     0.00000     0.00000     0.00000     0.00000     0.00000                                                                        
       0.00000     0.00000     0.00000     0.00000     0.00000     0.00000     0.00000     0.00000     0.00000     0.00000     0.00000     0.00000     0.00000                                                            
       0.00000     0.00000     0.00000     0.00000     0.00000     0.00000     0.00000     0.00000     0.00000     0.00000     0.00000     0.00000     0.00000     0.00000                                                
       0.00000     0.00000     0.00000     0.00000     0.00000     0.00000     0.00000     0.00000     0.00000     0.00000     0.00000     0.00000     0.00000     0.00000     0.00000                                    
       0.00000     0.00000     0.00000     0.00000     0.00000     0.00000     0.00000     0.00000     0.00000     0.00000     0.00000     0.00000     0.00000     0.00000     0.00000     0.00000                        
       0.00000     0.00000     0.00000     0.00000     0.00000     0.00000     0.00000     0.00000     0.00000     0.00000     0.00000     0.00000     0.00000     0.00000     0.00000     0.00000     0.00000            
                   0.00000     0.00000     0.00000     0.00000     0.00000     0.00000     0.00000     0.00000     0.00000     0.00000     0.00000     0.00000     0.00000     0.00000     0.00000     0.00000            
                               0.00000     0.00000     0.00000     0.00000     0.00000     0.00000     0.00000     0.00000     0.00000     0.00000     0.00000     0.00000     0.00000     0.00000     0.00000            
                                           0.00000     0.00000     0.00000     0.00000     0.00000     0.00000     0.00000     0.00000     0.00000     0.00000     0.00000     0.00000     0.00000     0.00000            
                                                       0.00000     0.00000     0.00000     0.00000     0.00000     0.00000     0.00000     0.00000     0.00000     0.00000     0.00000     0.00000     0.00000            
                                                                   0.00000     0.00000     0.00000     0.00000     0.00000     0.00000     0.00000     0.00000     0.00000     0.00000     0.00000     0.00000            
                                                                               0.00000     0.00000     0.00000     0.00000     0.00000     0.00000     0.00000     0.00000     0.00000     0.00000     0.00000            
                                                                                           0.00000     0.00000     0.00000     0.00000     0.00000     0.00000     0.00000     0.00000     0.00000     0.00000            
                                                                                                       0.00000     0.00000     0.00000     0.00000     0.00000     0.00000     0.00000     0.00000     0.00000            
Assembly    8 at (      3      3 )
       2.04851     1.81760     1.66585     1.54477     1.43561     1.32617     1.23872     1.23233     1.48317                                                                                                            
       1.75097     1.91656     1.70936     1.49398     1.44610     1.34402     1.18223     1.17377     1.25022     1.28445                                                                                                
       1.64915     1.73859     0.00000     1.36608     1.24437     0.00000     1.07148     0.98058     0.00000     1.06712     1.14084                                                                                    
       1.62077     1.60451     1.43197     1.28737     1.24403     1.07988     1.00206     0.97012     0.84853     0.83629     0.89710     1.01756                                                                        
       1.61870     1.66958     1.40922     1.33051     1.25995     1.16447     1.01683     0.97791     0.90203     0.80132     0.73491     0.83803     0.90857                                                            
       0.00000     0.00000     0.00000     1.25163     1.24860     0.00000     1.06213     0.96166     0.00000     0.82020     0.67468     0.00000     0.75596     0.80755                                                
       0.00000     0.00000     0.00000     0.00000     1.18846     1.14289     1.05727     0.91189     0.88233     0.81201     0.69906     0.61462     0.60385     0.64359     0.72295                                    
       0.00000     0.00000     0.00000     0.00000     0.00000     0.00000     0.99207     0.95811     0.88336     0.76163     0.72685     0.66884     0.58956     0.53869     0.61739     0.67643                        
       0.00000     0.00000     0.00000     0.00000     0.00000     0.00000     0.00000     0.00000     0.00002     0.81320     0.72711     0.00000     0.61140     0.50298     0.00000     0.62588     0.73002            
                   0.00000     0.00000     0.00000     0.00000     0.00000     0.00000     0.00000     0.00000     0.00000     0.69365     0.66491     0.61073     0.53157     0.48598     0.55159     0.59907            
                               0.00000     0.00000     0.00000     0.00000     0.00000     0.00000     0.00000     0.00000     0.00000     0.00000     0.57399     0.49714     0.48310     0.51071     0.57053            
                                           0.00000     0.00000     0.00000     0.00000     0.00000     0.00000     0.00000     0.00000     0.00000     0.00000     0.00000     0.00000     0.53821     0.56922            
                                                       0.00000     0.00000     0.00000     0.00000     0.00000     0.00000     0.00000     0.00000     0.00000     0.00000     0.00000     0.00000     0.57168            
                                                                   0.00000     0.00000     0.00000     0.00000     0.00000     0.00000     0.00000     0.00000     0.00000     0.00000     0.00000     0.00000            
                                                                               0.00000     0.00000     0.00000     0.00000     0.00000     0.00000     0.00000     0.00000     0.00000     0.00000     0.00000            
                                                                                           0.00000     0.00000     0.00000     0.00000     0.00000     0.00000     0.00000     0.00000     0.00000     0.00000            
                                                                                                       0.00000     0.00000     0.00000     0.00000     0.00000     0.00000     0.00000     0.00000     0.00000            
Assembly    9 at (      4      3 )
       0.00000     0.00000     0.00000     0.00000     0.00000     0.00000     0.00000     0.00000     0.00000                                                                                                            
       0.00000     0.00000     0.00000     0.00000     0.00000     0.00000     0.00000     0.00000     0.00000     0.00000                                                                                                
       0.00000     0.00000     0.00000     0.00000     0.00000     0.00000     0.00000     0.00000     0.00000     0.00000     0.00000                                                                                    
       0.00000     0.00000     0.00000     0.00000     0.00000     0.00000     0.00000     0.00000     0.00000     0.00000     0.00000     0.00000                                                                        
       0.00000     0.00000     0.00000     0.00000     0.00000     0.00000     0.00000     0.00000     0.00000     0.00000     0.00000     0.00000     0.00000                                                            
       0.00000     0.00000     0.00000     0.00000     0.00000     0.00000     0.00000     0.00000     0.00000     0.00000     0.00000     0.00000     0.00000     0.00000                                                
       0.00000     0.00000     0.00000     0.00000     0.00000     0.00000     0.00000     0.00000     0.00000     0.00000     0.00000     0.00000     0.00000     0.00000     0.00000                                    
       0.00000     0.00000     0.00000     0.00000     0.00000     0.00000     0.00000     0.00000     0.00000     0.00000     0.00000     0.00000     0.00000     0.00000     0.00000     0.00000                        
       0.00000     0.00000     0.00000     0.00000     0.00000     0.00000     0.00000     0.00000     0.00000     0.00000     0.00000     0.00000     0.00000     0.00000     0.00000     0.00000     0.00000            
                   0.00000     0.00000     0.00000     0.00000     0.00000     0.00000     0.00000     0.00000     0.00000     0.00000     0.00000     0.00000     0.00000     0.00000     0.00000     0.00000            
                               0.00000     0.00000     0.00000     0.00000     0.00000     0.00000     0.00000     0.00000     0.00000     0.00000     0.00000     0.00000     0.00000     0.00000     0.00000            
                                           0.00000     0.00000     0.00000     0.00000     0.00000     0.00000     0.00000     0.00000     0.00000     0.00000     0.00000     0.00000     0.00000     0.00000            
                                                       0.00000     0.00000     0.00000     0.00000     0.00000     0.00000     0.00000     0.00000     0.00000     0.00000     0.00000     0.00000     0.00000            
                                                                   0.00000     0.00000     0.00000     0.00000     0.00000     0.00000     0.00000     0.00000     0.00000     0.00000     0.00000     0.00000            
                                                                               0.00000     0.00000     0.00000     0.00000     0.00000     0.00000     0.00000     0.00000     0.00000     0.00000     0.00000            
                                                                                           0.00000     0.00000     0.00000     0.00000     0.00000     0.00000     0.00000     0.00000     0.00000     0.00000            
                                                                                                       0.00000     0.00000     0.00000     0.00000     0.00000     0.00000     0.00000     0.00000     0.00000            
Assembly   10 at (      4      4 )
       0.00000     0.00000     0.00000     0.00000     0.00000     0.00000     0.00000     0.00000     0.00000                                                                                                            
       0.00000     0.00000     0.00000     0.00000     0.00000     0.00000     0.00000     0.00000     0.00000     0.00000                                                                                                
       0.00000     0.00000     0.00000     0.00000     0.00000     0.00000     0.00000     0.00000     0.00000     0.00000     0.00000                                                                                    
       0.00000     0.00000     0.00000     0.00000     0.00000     0.00000     0.00000     0.00000     0.00000     0.00000     0.00000     0.00000                                                                        
       0.00000     0.00000     0.00000     0.00000     0.00000     0.00000     0.00000     0.00000     0.00000     0.00000     0.00000     0.00000     0.00000                                                            
       0.00000     0.00000     0.00000     0.00000     0.00000     0.00000     0.00000     0.00000     0.00000     0.00000     0.00000     0.00000     0.00000     0.00000                                                
       0.00000     0.00000     0.00000     0.00000     0.00000     0.00000     0.00000     0.00000     0.00000     0.00000     0.00000     0.00000     0.00000     0.00000     0.00000                                    
       0.00000     0.00000     0.00000     0.00000     0.00000     0.00000     0.00000     0.00000     0.00000     0.00000     0.00000     0.00000     0.00000     0.00000     0.00000     0.00000                        
       0.00000     0.00000     0.00000     0.00000     0.00000     0.00000     0.00000     0.00000     0.00000     0.00000     0.00000     0.00000     0.00000     0.00000     0.00000     0.00000     0.00000            
                   0.00000     0.00000     0.00000     0.00000     0.00000     0.00000     0.00000     0.00000     0.00000     0.00000     0.00000     0.00000     0.00000     0.00000     0.00000     0.00000            
                               0.00000     0.00000     0.00000     0.00000     0.00000     0.00000     0.00000     0.00000     0.00000     0.00000     0.00000     0.00000     0.00000     0.00000     0.00000            
                                           0.00000     0.00000     0.00000     0.00000     0.00000     0.00000     0.00000     0.00000     0.00000     0.00000     0.00000     0.00000     0.00000     0.00000            
                                                       0.00000     0.00000     0.00000     0.00000     0.00000     0.00000     0.00000     0.00000     0.00000     0.00000     0.00000     0.00000     0.00000            
                                                                   0.00000     0.00000     0.00000     0.00000     0.00000     0.00000     0.00000     0.00000     0.00000     0.00000     0.00000     0.00000            
                                                                               0.00000     0.00000     0.00000     0.00000     0.00000     0.00000     0.00000     0.00000     0.00000     0.00000     0.00000            
                                                                                           0.00000     0.00000     0.00000     0.00000     0.00000     0.00000     0.00000     0.00000     0.00000     0.00000            
                                                                                                       0.00000     0.00000     0.00000     0.00000     0.00000     0.00000     0.00000     0.00000     0.00000            
 
- Axially Averaged 2D Assembly Power -
 
       1.80028     1.41712     0.61632     0.00000            
                   1.41712     0.83318     0.00000            
                               0.61632     0.00000            
                                           0.00000            
 
     Max. =     1.800
 
 - Radially Averaged 1D Power -
   Plane #   Power
         1  1.0000

 -  Axially Averaged 2D Flux -
 -  Groups per Assembly
- Order of assembly : Start from left-top, proceed first x-dir, later y-dir -
 
        Group   Assembly       1
            1        6.4667E+02
            2        1.3116E+03
            3        6.0328E+02
            4        2.2615E+02
            5        1.7014E+02
            6        2.0383E+02
            7        2.7694E+02
 
        Group   Assembly       2
            1        1.5000E+03
            2        3.0324E+03
            3        1.3706E+03
            4        4.9526E+02
            5        3.0526E+02
            6        2.2647E+02
            7        2.7300E+02
 
        Group   Assembly       3
            1        6.1582E+02
            2        1.2267E+03
            3        5.5143E+02
            4        1.9964E+02
            5        1.2375E+02
            6        9.8472E+01
            7        1.3125E+02
 
        Group   Assembly       4
            1        2.4871E+01
            2        4.2036E+01
            3        2.5062E+01
            4        1.1809E+01
            5        9.4593E+00
            6        3.9552E+01
            7        1.2531E+02
 
        Group   Assembly       5
            1        1.5000E+03
            2        3.0324E+03
            3        1.3706E+03
            4        4.9526E+02
            5        3.0526E+02
            6        2.2647E+02
            7        2.7300E+02
 
        Group   Assembly       6
            1        1.7241E+03
            2        3.4638E+03
            3        1.5874E+03
            4        5.9578E+02
            5        4.4989E+02
            6        5.6054E+02
            7        7.9177E+02
 
        Group   Assembly       7
            1        1.3494E+02
            2        2.3847E+02
            3        1.4188E+02
            4        6.6580E+01
            5        5.3465E+01
            6        2.1336E+02
            7        6.6841E+02
 
        Group   Assembly       8
            1        6.1582E+02
            2        1.2267E+03
            3        5.5143E+02
            4        1.9964E+02
            5        1.2375E+02
            6        9.8472E+01
            7        1.3125E+02
 
        Group   Assembly       9
            1        1.3494E+02
            2        2.3847E+02
            3        1.4188E+02
            4        6.6580E+01
            5        5.3465E+01
            6        2.1336E+02
            7        6.6841E+02
 
        Group   Assembly      10
            1        2.4871E+01
            2        4.2036E+01
            3        2.5062E+01
            4        1.1809E+01
            5        9.4593E+00
            6        3.9552E+01
            7        1.2531E+02
 
 -  Radially Averaged 1D Flux -
 
                --- > Plane #
  Energy Group         1
         1         6.9221E+03
         2         1.3855E+04
         3         6.3687E+03
         4         2.3685E+03
         5         1.6039E+03
         6         1.9201E+03
         7         3.4647E+03
 
 - Core Spectrum -
 
         1     6.9221E+03
         2     1.3855E+04
         3     6.3687E+03
         4     2.3685E+03
         5     1.6039E+03
         6     1.9201E+03
         7     3.4647E+03
 
 -  Flux Distribution for selected Pins -  
       Pin Identifier
 
========================================================================
               Total Time =        30.03  Sec
              Subgrp. FSP =         0.00  Sec
              Subgrp. RT. =         0.00  Sec,  N =      0
                   MOC MG =        27.19  Sec,  N =      8,  # THREAD =  14
                  MOC RT. =         0.00  Sec
                  CMFD MG =         0.38  Sec,  N =     72
                  CMFD MG =         0.38  Sec,  N =     72
                CMFD Init =         0.07  Sec,
                 Ax NODAL =         0.00  Sec
                Ax Kernel =         0.00  Sec
                     Ax=b =         0.28  Sec
                     DEPL =         0.00  Sec
                      T-H =         0.00  Sec
                    Comm  =         0.00  Sec

00:00:30.019 Job Finished at 12:12:33.
 
  Devoloped by
         ______    __    __   __    __   _______    _______    __        
        /      \  /  \  /  | /  |  /  | /       \  /       \  /  |       
       /$$$$$$  | $$  \ $$ | $$ |  $$ | $$$$$$$  | $$$$$$$  | $$ |       
       $$ \__$$/  $$$  \$$ | $$ |  $$ | $$ |__$$ | $$ |__$$ | $$ |       
       $$      \  $$$$  $$ | $$ |  $$ | $$    $$<  $$    $$/  $$ |       
        $$$$$$  | $$ $$ $$ | $$ |  $$ | $$$$$$$  | $$$$$$$/   $$ |       
       /  \__$$ | $$ |$$$$ | $$ \__$$ | $$ |  $$ | $$ |       $$ |_____  
       $$    $$/  $$ | $$$ | $$    $$/  $$ |  $$ | $$ |       $$       | 
        $$$$$$/   $$/   $$/   $$$$$$/   $$/   $$/  $$/        $$$$$$$$/  
 
