nTRACERnTRACERnTRACERnTRACERnTRACERnTRACERnTRACERnTRACERnTRACERnTRACERnTRACERnTRACERnTRACERnTRACERnTRACERnTRACERnTRACERnTRACER



    b.             8 8888888 8888888888 8 888888888o.            .8.           ,o888888o.    8 8888888888   8 888888888o.                                                                                                                                        
    888o.          8       8 8888       8 8888    `88.          .888.         8888     `88.  8 8888         8 8888    `88.                                                                                                                                       
    Y88888o.       8       8 8888       8 8888     `88         :88888.     ,8 8888       `8. 8 8888         8 8888     `88                                                                                                                                       
    .`Y888888o.    8       8 8888       8 8888     ,88        . `88888.    88 8888           8 8888         8 8888     ,88                                                                                                                                       
    8o. `Y888888o. 8       8 8888       8 8888.   ,88'       .8. `88888.   88 8888           8 888888888888 8 8888.   ,88'                                                                                                                                       
    8`Y8o. `Y88888o8       8 8888       8 888888888P'       .8`8. `88888.  88 8888           8 8888         8 888888888P'                                                                                                                                        
    8   `Y8o. `Y8888       8 8888       8 8888`8b          .8' `8. `88888. 88 8888           8 8888         8 8888`8b                                                                                                                                            
    8      `Y8o. `Y8       8 8888       8 8888 `8b.       .8'   `8. `88888.`8 8888       .8' 8 8888         8 8888 `8b.                                                                                                                                          
    8         `Y8o.`       8 8888       8 8888   `8b.    .888888888. `88888.  8888     ,88'  8 8888         8 8888   `8b.                                                                                                                                        
    8            `Yo       8 8888       8 8888     `88. .8'       `8. `88888.  `8888888P'    8 888888888888 8 8888     `88.                                                                                                                                      



                                                        v2.50 Beta - 19/01/07

nTRACERnTRACERnTRACERnTRACERnTRACERnTRACERnTRACERnTRACERnTRACERnTRACERnTRACERnTRACERnTRACERnTRACERnTRACERnTRACERnTRACERnTRACER


           Executing Case VVER-440_FULL-CORE_SngAsy
           by seongchan on fnode2 at 17:55:59, Mar. 23, 2021...





                                             Echo of Input Deck nTRACER.INP
------------------------------------------------------------------------------------------------------------------------------
CASEID VVER-440_FULL-CORE_SngAsy
STATE
 th_cond      17.67357  270  12.3 84.08895  ! power_fa [MW], t_in [C], p_exit [MPa], mdot_fa [kg/s]

XSEC
 lib_type     2
 file         ./lib/G47_VII02016_v4_MCH.mlb
 rlb          ./lib/RG16_VII02016_v6.rlb
 slb          ./lib/RG16_VII02016_v3.slb
 deplfile     ./lib/depl_kappa.lib
 RT           T  T  F  8  T  T ! MLG, RIF, RST, nMLG, lCAT, L4LV

PARALLEL
 MOC_TRD      14 ! 14

OPTION
 RAY          0.05  12  4
 SCAT_ORDER   0
 NODE_MAJOR   T

CONV
 nMaxOuter    1500
 Eig_Conv     5E-5
 Psi_Conv     5E-5
 Res_Conv     5E-5
GEOM
 HEX          T
 pitch        14.7
 ax_mesh      1*20
!HexOpt       T  T  2  200  0.05  200  0.05

 cell  1      0.06 0.38 0.3865 0.455 0.61 / 11 1 11 7 10 10 / 1 6 1 1 2 1 / 7 / 1.23 / 14.2028 ! 1.6 w/o
 cell  2      0.06 0.38 0.3865 0.455 0.61 / 11 2 11 7 10 10 / 1 6 1 1 2 1 / 7 / 1.23 / 14.2028 ! 2.4 w/o
 cell  3      0.06 0.38 0.3865 0.455 0.61 / 11 3 11 7 10 10 / 1 6 1 1 2 1 / 7 / 1.23 / 14.2028 ! 3.6 w/o
 cell  4      0.06 0.38 0.3865 0.455 0.61 / 11 4 11 7 10 10 / 1 6 1 1 2 1 / 7 / 1.23 / 14.2028 ! 4.0 w/o
 cell  5      0.06 0.38 0.3865 0.455 0.61 / 11 5 11 7 10 10 / 1 6 1 1 2 1 / 7 / 1.23 / 14.2028 ! 4.4 w/o
 cell  6      0.06 0.38 0.3865 0.455 0.61 / 11 6 11 7 10 10 / 1 6 1 1 2 1 / 7 / 1.23 / 14.2028 ! 4.0 w/o with Gd

 cell  7      0.44 0.515 0.61 / 10 7 10 10 / 6 1 2 1 / 7 / 1.23 / 14.2028 ! Central Tube

 pin  1       1
 pin  2       2
 pin  3       3
 pin  4       4
 pin  5       5
 pin  6       6
 pin  7       7

 Gap_Cell 1   0.0986 / 10  8 /  1 2 / 7 / 1.23 / 14.2028

 Gap_Pin 1    1

 assembly 1   360 / 1 / 7 / 1.23 / 14.2028 ! UO2 1.6 w/o
  1  1  1  1  1  1  1
  1  1  1  1  1  1  1  1
  1  1  1  1  1  1  1  1  1
  1  1  1  1  1  1  1  1  1  1
  1  1  1  1  1  1  1  1  1  1  1
  1  1  1  1  1  1  1  1  1  1  1  1
  1  1  1  1  1  1  7  1  1  1  1  1  1
     1  1  1  1  1  1  1  1  1  1  1  1
        1  1  1  1  1  1  1  1  1  1  1
           1  1  1  1  1  1  1  1  1  1
              1  1  1  1  1  1  1  1  1
                 1  1  1  1  1  1  1  1
                    1  1  1  1  1  1  1

 assembly 2   360 / 1 / 7 / 1.23 / 14.2028 ! UO2 2.4 w/o
  2  2  2  2  2  2  2
  2  2  2  2  2  2  2  2
  2  2  2  2  2  2  2  2  2
  2  2  2  2  2  2  2  2  2  2
  2  2  2  2  2  2  2  2  2  2  2
  2  2  2  2  2  2  2  2  2  2  2  2
  2  2  2  2  2  2  7  2  2  2  2  2  2
     2  2  2  2  2  2  2  2  2  2  2  2
        2  2  2  2  2  2  2  2  2  2  2
           2  2  2  2  2  2  2  2  2  2
              2  2  2  2  2  2  2  2  2
                 2  2  2  2  2  2  2  2
                    2  2  2  2  2  2  2

 assembly 3   360 / 1 / 7 / 1.23 / 14.2028 ! UO2 4.25 w/o
  3  4  4  4  4  4  3
  4  6  5  5  5  5  6  4
  4  5  5  5  5  5  5  5  4
  4  5  5  5  5  5  5  5  5  4
  4  5  5  5  5  5  5  5  5  5  4
  4  5  5  5  5  5  5  5  5  5  5  4
  3  6  5  5  5  5  7  5  5  5  5  6  3
     4  5  5  5  5  5  5  5  5  5  5  4
        4  5  5  5  5  5  5  5  5  5  4
           4  5  5  5  5  5  5  5  5  4
              4  5  5  5  5  5  5  5  4
                 4  6  5  5  5  5  6  4
                    3  4  4  4  4  4  3

 rad_conf     360 CENT
  3

 albedo       0.  0.  0.
!crn_stff     9  0.065  2.5

MKL
MKL
 AXTYPE       3  0
 GCCMFD       T
 GCSTR        1  23  24  47

MATERIAL
 mixture      1 UO2 2 10.31341  270.00 /    8016 4.64026E-02     ! 1.6 w/o
                                           92234 3.02003E-06                                                                                                                                                                                                    
                                           92235 3.75892E-04                                                                                                                                                                                                    
                                           92238 2.28224E-02                                                                                                                                                                                                    
 mixture      2 UO2 2 10.31341  270.00 /    8016 4.64069E-02     ! 2.4 w/o
                                           92234 4.52999E-06                                                                                                                                                                                                    
                                           92235 5.63831E-04                                                                                                                                                                                                    
                                           92238 2.26351E-02                                                                                                                                                                                                    
 mixture      3 UO2 2 10.31341  270.00 /    8016 4.64132E-02     ! 3.6 w/o
                                           92234 6.79486E-06                                                                                                                                                                                                    
                                           92235 8.45731E-04                                                                                                                                                                                                    
                                           92238 2.23541E-02                                                                                                                                                                                                    
 mixture      4 UO2 2 10.31341  270.00 /    8016 4.64153E-02     ! 4.0 w/o
                                           92234 7.54980E-06                                                                                                                                                                                                    
                                           92235 9.39696E-04                                                                                                                                                                                                    
                                           92238 2.22604E-02                                                                                                                                                                                                    
 mixture      5 UO2 2 10.31341  270.00 /    8016 4.64174E-02     ! 4.4 w/o
                                           92234 8.30473E-06                                                                                                                                                                                                    
                                           92235 1.03366E-03                                                                                                                                                                                                    
                                           92238 2.21668E-02                                                                                                                                                                                                    
 mixture      6 UO2 2 10.31341  270.00 /    8016 4.65970E-02     ! 4.0 w/o with Gd
                                           92234 7.29688E-06                                                                                                                                                                                                    
                                           92235 9.08216E-04                                                                                                                                                                                                    
                                           92238 2.15147E-02                                                                                                                                                                                                    
                                           64154 2.52388E-05                                                                                                                                                                                                    
                                           64155 1.71346E-04                                                                                                                                                                                                    
                                           64156 2.36990E-04                                                                                                                                                                                                    
                                           64157 1.81187E-04                                                                                                                                                                                                    
                                           64158 2.87583E-04                                                                                                                                                                                                    
 mixture      7 CLD 1 10.31341  270.00 /   40090 2.19754E-02     ! E-110
                                           40091 4.79230E-03                                                                                                                                                                                                    
                                           40092 7.32514E-03                                                                                                                                                                                                    
                                           40094 7.42338E-03                                                                                                                                                                                                    
                                           40096 1.19594E-03                                                                                                                                                                                                    
                                           41093 4.24582E-04                                                                                                                                                                                                    
                                            8016 2.46677E-04                                                                                                                                                                                                    
                                           26054 2.06429E-06                                                                                                                                                                                                    
                                           26056 3.24049E-05                                                                                                                                                                                                    
                                           26057 7.48371E-07                                                                                                                                                                                                    
                                           26058 9.95945E-08                                                                                                                                                                                                    
                                            6000 6.56812E-05                                                                                                                                                                                                    
                                           24050 6.59240E-07                                                                                                                                                                                                    
                                           24052 1.27128E-05                                                                                                                                                                                                    
                                           24053 1.44153E-06                                                                                                                                                                                                    
                                           24054 3.58827E-07                                                                                                                                                                                                    
                                           28058 9.15023E-06                                                                                                                                                                                                    
                                           28060 3.52463E-06                                                                                                                                                                                                    
                                           28061 1.53214E-07                                                                                                                                                                                                    
                                           28062 4.88526E-07                                                                                                                                                                                                    
                                           28064 1.24396E-07                                                                                                                                                                                                    
                                           72174 3.62837E-09                                                                                                                                                                                                    
                                           72176 1.16806E-07                                                                                                                                                                                                    
                                           72177 4.13756E-07                                                                                                                                                                                                    
                                           72178 6.00743E-07                                                                                                                                                                                                    
                                           72179 3.03083E-07                                                                                                                                                                                                    
                                           72180 7.72022E-07                                                                                                                                                                                                    
 mixture      8 CLD 1 10.31341  270.00 /   40090 2.16417E-02     ! E-125
                                           40091 4.71953E-03                                                                                                                                                                                                    
                                           40092 7.21390E-03                                                                                                                                                                                                    
                                           40094 7.31065E-03                                                                                                                                                                                                    
                                           40096 1.17778E-03                                                                                                                                                                                                    
                                           41093 1.06145E-03                                                                                                                                                                                                    
                                            8016 2.46677E-04                                                                                                                                                                                                    
                                           26054 2.06429E-06                                                                                                                                                                                                    
                                           26056 3.24049E-05                                                                                                                                                                                                    
                                           26057 7.48371E-07                                                                                                                                                                                                    
                                           26058 9.95945E-08                                                                                                                                                                                                    
                                            6000 6.56812E-05                                                                                                                                                                                                    
                                           24050 6.59240E-07                                                                                                                                                                                                    
                                           24052 1.27128E-05                                                                                                                                                                                                    
                                           24053 1.44153E-06                                                                                                                                                                                                    
                                           24054 3.58827E-07                                                                                                                                                                                                    
                                           28058 9.15023E-06                                                                                                                                                                                                    
                                           28060 3.52463E-06                                                                                                                                                                                                    
                                           28061 1.53214E-07                                                                                                                                                                                                    
                                           28062 4.88526E-07                                                                                                                                                                                                    
                                           28064 1.24396E-07                                                                                                                                                                                                    
                                           72174 3.62837E-09                                                                                                                                                                                                    
                                           72176 1.16806E-07                                                                                                                                                                                                    
                                           72177 4.13756E-07                                                                                                                                                                                                    
                                           72178 6.00743E-07                                                                                                                                                                                                    
                                           72179 3.03083E-07                                                                                                                                                                                                    
                                           72180 7.72022E-07                                                                                                                                                                                                    
 mixture      9 CLD 1 10.31341  270.00 /   26054 3.45590E-03     ! Steel
                                           26056 5.42502E-02                                                                                                                                                                                                    
                                           26057 1.25287E-03                                                                                                                                                                                                    
                                           26058 1.66734E-04                                                                                                                                                                                                    
                                           24050 7.24663E-04                                                                                                                                                                                                    
                                           24052 1.39744E-02                                                                                                                                                                                                    
                                           24053 1.58458E-03                                                                                                                                                                                                    
                                           24054 3.94437E-04                                                                                                                                                                                                    
                                           28058 5.58791E-03                                                                                                                                                                                                    
                                           28060 2.15244E-03                                                                                                                                                                                                    
                                           28061 9.35656E-05                                                                                                                                                                                                    
                                           28062 2.98336E-04                                                                                                                                                                                                    
                                           28064 7.59671E-05                                                                                                                                                                                                    
                                           25055 1.75387E-03                                                                                                                                                                                                    
                                           14028 1.26558E-03                                                                                                                                                                                                    
                                           14029 6.42927E-05                                                                                                                                                                                                    
                                           14030 4.24318E-05                                                                                                                                                                                                    
                                           22046 4.56676E-05                                                                                                                                                                                                    
                                           22047 4.11838E-05                                                                                                                                                                                                    
                                           22048 4.08074E-04                                                                                                                                                                                                    
                                           22049 2.99468E-05                                                                                                                                                                                                    
                                           22050 2.86737E-05                                                                                                                                                                                                    
                                            6000 3.20885E-04                                                                                                                                                                                                    
                                           15031 5.44392E-05                                                                                                                                                                                                    
 mixture     10 MOD 0 10.31341  270.00 /    1001 5.19820E-02     ! Moderator
                                            8016 2.59909E-02                                                                                                                                                                                                    
                                            5010 4.53447E-06                                                                                                                                                                                                    
                                            5011 1.82500E-05                                                                                                                                                                                                    
 mixture     11 AIR 0 0.001     270.00 /    8016 21.000          ! AIR for GAP
                                            7014 79.000                                                                                                                                                                                                         
==============================================================================================================================
00:00:00.017 Reading Input from nTRACER.INP...
00:00:00.017 SCHEME : NODE MAJOR / DCMP : F / LinSrc : F
00:00:00.019 -------------------------------------------------------------------
00:00:00.019 HEX : Set Geom ...
00:00:00.022       Set CMFD Map ...
00:00:00.081       Set Ray Basic Data ...
00:00:00.144       Set Asy Ray Base ...
00:00:00.146           1 ...
00:00:00.348           2 ...
00:00:00.545       Set Core Ray ...
00:00:00.582       Connect Core Ray ...
00:00:00.610       Convert Hex Ray ...
00:00:00.610 ------------------------------------------------------------------------
00:00:00.725 MOC Under-relaxtion Option :   F
00:00:00.725 Axial Reflector FDM Option :   F
00:00:00.727            Reference Fuel Temperature    270.00C
00:00:00.727 Solving Subgroup FSP...
00:00:04.804 Subgroup FSP (Fuel)         3         4.40274E-12
00:00:05.004 Subgroup FSP (Clad)         3         7.58992E-13
00:00:05.004 Subgroup FSP (AIC)          0         0.00000E+00
00:00:05.004 Update Subgroup Effective XSs...
00:00:05.020 Cell Homogenization...
00:00:05.080 Linear System Construction...
00:00:05.088 Performing CMFD Calculation...
  MGOUTER        1              1.212751      1.00000      2.909E-02
  MGOUTER        2              1.209987      0.11870      3.453E-03
  MGOUTER        3              1.208256      0.03978      1.157E-03
  MGOUTER        4              1.207566      0.01501      4.367E-04
  MGOUTER        5              1.207356      0.00590      1.716E-04
00:00:05.110 Group Condensing...
  CGOUTER        1              1.207315      1.00000      3.063E-04
  CGOUTER        2              1.207309      0.04324      1.324E-05
  CGOUTER        3              1.207308      0.00229      7.023E-07
  CGOUTER        4              1.207308      0.00029      8.944E-08
  CGOUTER        5              1.207308      0.00006      1.808E-08
  CGOUTER        6              1.207308      0.00001      3.793E-09
  CGOUTER        7              1.207308      0.00000      7.972E-10
00:00:05.112 Group Reconstruction...
  MGOUTER        6              1.207294      0.00080      2.319E-05
  MGOUTER        7              1.207290      0.00041      1.194E-05
00:00:05.125 Performing Ray Tracing    1...
          Group    1   to   47   finished in      1.065  Sec
          Group   24   to   47   finished in      0.594  Sec
00:00:06.847    RT      1       1.111907   8.578E-02   9.765E-02   8.746E-03
00:00:06.852 Cell Homogenization...
00:00:06.913 Linear System Construction...
00:00:06.918 Performing CMFD Calculation...
  MGOUTER        8              1.146236      1.00000      5.480E-03
  MGOUTER        9              1.168158      0.55054      3.017E-03
  MGOUTER       10              1.180463      0.30406      1.666E-03
  MGOUTER       11              1.187284      0.16854      9.235E-04
  MGOUTER       12              1.191062      0.09350      5.123E-04
00:00:06.936 Group Condensing...
  CGOUTER        8              1.195731      1.00000      2.592E-04
  CGOUTER        9              1.195708      0.03324      8.618E-06
  CGOUTER       10              1.195708      0.00142      3.690E-07
  CGOUTER       11              1.195708      0.00006      1.685E-08
  CGOUTER       12              1.195708      0.00001      1.376E-09
  CGOUTER       13              1.195708      0.00000      2.492E-10
  CGOUTER       14              1.195708      0.00000      5.123E-11
00:00:06.939 Group Reconstruction...
  MGOUTER       13              1.195382      0.01143      6.261E-05
  MGOUTER       14              1.195538      0.00507      2.780E-05
  Convergence - Flux :  F   TH :  F   B-Search:  T
00:00:06.952 Performing Ray Tracing    2...
          Group    1   to   47   finished in      1.004  Sec
          Group   24   to   47   finished in      0.605  Sec
00:00:08.618    RT      2       1.196320   6.534E-04   1.645E-03   3.658E-04
00:00:08.625 Cell Homogenization...
00:00:08.684 Linear System Construction...
00:00:08.689 Performing CMFD Calculation...
  MGOUTER       15              1.196582      1.00000      1.156E-04
  MGOUTER       16              1.196786      0.47495      5.492E-05
  MGOUTER       17              1.196913      0.23506      2.718E-05
  MGOUTER       18              1.196989      0.12155      1.406E-05
  MGOUTER       19              1.197033      0.06443      7.451E-06
00:00:08.708 Group Condensing...
  CGOUTER       15              1.197090      1.00000      8.304E-06
  CGOUTER       16              1.197090      0.06068      5.039E-07
  CGOUTER       17              1.197090      0.00966      8.020E-08
  CGOUTER       18              1.197090      0.00197      1.633E-08
  CGOUTER       19              1.197090      0.00041      3.376E-09
  CGOUTER       20              1.197090      0.00008      6.984E-10
  CGOUTER       21              1.197090      0.00002      1.445E-10
00:00:08.710 Group Reconstruction...
  MGOUTER       20              1.197085      0.00831      9.613E-07
  MGOUTER       21              1.197087      0.00393      4.550E-07
  Convergence - Flux :  F   TH :  F   B-Search:  T
00:00:08.724 Performing Ray Tracing    3...
          Group    1   to   47   finished in      1.012  Sec
          Group   24   to   47   finished in      0.598  Sec
00:00:10.391    RT      3       1.197022   5.471E-05   1.877E-04   3.335E-05
00:00:10.397 Cell Homogenization...
00:00:10.457 Linear System Construction...
00:00:10.461 Performing CMFD Calculation...
  MGOUTER       22              1.197054      1.00000      1.002E-05
  MGOUTER       23              1.197074      0.42464      4.256E-06
  MGOUTER       24              1.197086      0.21176      2.122E-06
  MGOUTER       25              1.197093      0.11255      1.128E-06
  MGOUTER       26              1.197098      0.06119      6.132E-07
00:00:10.480 Group Condensing...
  CGOUTER       22              1.197103      1.00000      5.399E-07
  CGOUTER       23              1.197103      0.09227      4.982E-08
  CGOUTER       24              1.197103      0.01767      9.538E-09
  CGOUTER       25              1.197103      0.00364      1.965E-09
  CGOUTER       26              1.197103      0.00075      4.064E-10
  CGOUTER       27              1.197103      0.00016      8.406E-11
  CGOUTER       28              1.197103      0.00003      1.739E-11
00:00:10.483 Group Reconstruction...
  MGOUTER       27              1.197102      0.00765      7.664E-08
  MGOUTER       28              1.197102      0.00347      3.479E-08
  Convergence - Flux :  F   TH :  F   B-Search:  T
00:00:10.496 Performing Ray Tracing    4...
          Group    1   to   47   finished in      1.001  Sec
          Group   24   to   47   finished in      0.602  Sec
00:00:12.157    RT      4       1.197095   6.352E-06   2.065E-05   3.349E-06
00:00:12.165 Cell Homogenization...
00:00:12.223 Linear System Construction...
00:00:12.229 Performing CMFD Calculation...
  MGOUTER       29              1.197098      1.00000      1.032E-06
  MGOUTER       30              1.197100      0.37191      3.840E-07
  MGOUTER       31              1.197101      0.18018      1.860E-07
  MGOUTER       32              1.197102      0.09580      9.891E-08
  MGOUTER       33              1.197102      0.05238      5.408E-08
00:00:12.248 Group Condensing...
  CGOUTER       29              1.197103      1.00000      4.167E-08
  CGOUTER       30              1.197103      0.11631      4.847E-09
  CGOUTER       31              1.197103      0.02317      9.655E-10
  CGOUTER       32              1.197103      0.00478      1.993E-10
  CGOUTER       33              1.197103      0.00099      4.121E-11
  CGOUTER       34              1.197103      0.00020      8.524E-12
  CGOUTER       35              1.197103      0.00004      1.763E-12
00:00:12.250 Group Reconstruction...
  MGOUTER       34              1.197102      0.00646      6.673E-09
  MGOUTER       35              1.197102      0.00288      2.978E-09
  Convergence - Flux :  T   TH :  F   B-Search:  T
Burnup =     0.000 MWD/kgHM    0.000 EPFD  keff =   1.19710  kinf(BK) =   1.19710  ppm =     0.00 ppm
-----------------------------------------------------------------------------
                    k-eff =      1.19710
00:00:12.278  Writing Calculation Results in Output File...
              Case No :    0    Calculation No :    0
 
========================================================================
     Results
     Case No        :    0
     Calculation No :    0
========================================================================
 
       k-eff =    1.19710
 
-------------------------Power Distribution------------------------------
--- Fission Power
- 2D Pin Power -
- Coordinate : 1st = from NE to SW, 2nd = from NNW to SSE
 
Eff Pin Num   126.00000
 
Assembly    1 at (      1      1)
      26.99280    28.42629    29.46089    29.76205    29.46109    28.42629    26.99281                                                                                    
      28.42629    10.66030    27.80547    29.23718    29.23717    27.80541    10.66030    28.42630                                                                        
      29.46109    27.80541    26.77160    27.94432    28.26077    27.94429    26.77159    27.80547    29.46090                                                            
      29.76205    29.23717    27.94432    27.76564    27.98437    27.98437    27.76579    27.94432    29.23718    29.76205                                                
      29.46089    29.23717    28.26077    27.98438    28.17541    28.32258    28.17540    27.98432    28.26076    29.23717    29.46110                                    
      28.42630    27.80547    27.94429    27.98437    28.32258    29.51837    29.51837    28.32257    27.98432    27.94432    27.80541    28.42629                        
      26.99280    10.66030    26.77159    27.76580    28.17541    29.51837     0.00000    29.51837    28.17540    27.76579    26.77159    10.66030    26.99281            
                  28.42629    27.80541    27.94432    27.98433    28.32257    29.51837    29.51837    28.32257    27.98437    27.94429    27.80547    28.42630            
                              29.46110    29.23717    28.26077    27.98432    28.17541    28.32257    28.17541    27.98437    28.26077    29.23717    29.46089            
                                          29.76205    29.23718    27.94432    27.76579    27.98437    27.98437    27.76563    27.94432    29.23717    29.76205            
                                                      29.46090    27.80547    26.77159    27.94429    28.26077    27.94432    26.77159    27.80542    29.46110            
                                                                  28.42630    10.66030    27.80541    29.23717    29.23718    27.80547    10.66030    28.42629            
                                                                              26.99281    28.42629    29.46109    29.76205    29.46090    28.42630    26.99281            
 
- Local Pin Power -
- Coordinate : 1st = from NE to SW, 2nd = from NNW to SSE
 
Eff Pin Num   126.00000
 
 Plane    1
Assembly    1 at (      1      1 )
      26.99280    28.42629    29.46089    29.76205    29.46109    28.42629    26.99281                                                                                    
      28.42629    10.66030    27.80547    29.23718    29.23717    27.80541    10.66030    28.42630                                                                        
      29.46109    27.80541    26.77160    27.94432    28.26077    27.94429    26.77159    27.80547    29.46090                                                            
      29.76205    29.23717    27.94432    27.76564    27.98437    27.98437    27.76579    27.94432    29.23718    29.76205                                                
      29.46089    29.23717    28.26077    27.98438    28.17541    28.32258    28.17540    27.98432    28.26076    29.23717    29.46110                                    
      28.42630    27.80547    27.94429    27.98437    28.32258    29.51837    29.51837    28.32257    27.98432    27.94432    27.80541    28.42629                        
      26.99280    10.66030    26.77159    27.76580    28.17541    29.51837     0.00000    29.51837    28.17540    27.76579    26.77159    10.66030    26.99281            
                  28.42629    27.80541    27.94432    27.98433    28.32257    29.51837    29.51837    28.32257    27.98437    27.94429    27.80547    28.42630            
                              29.46110    29.23717    28.26077    27.98432    28.17541    28.32257    28.17541    27.98437    28.26077    29.23717    29.46089            
                                          29.76205    29.23718    27.94432    27.76579    27.98437    27.98437    27.76563    27.94432    29.23717    29.76205            
                                                      29.46090    27.80547    26.77159    27.94429    28.26077    27.94432    26.77159    27.80542    29.46110            
                                                                  28.42630    10.66030    27.80541    29.23717    29.23718    27.80547    10.66030    28.42629            
                                                                              26.99281    28.42629    29.46109    29.76205    29.46090    28.42630    26.99281            
 
- Axially Averaged 2D Assembly Power -
 
 
     Max. =     1.000
 
 - Radially Averaged 1D Power -
   Plane #   Power
         1  1.0000

 -  Axially Averaged 2D Flux -
 -  Groups per Assembly
- Order of assembly : Start from left-top, proceed first x-dir, later y-dir -
 
        Group   Assembly       1
            1        1.1480E+03
            2        4.5957E+03
            3        9.7648E+03
            4        1.0974E+04
            5        1.0347E+04
            6        1.1534E+04
            7        1.4689E+04
            8        9.7329E+03
            9        1.3264E+04
           10        8.3754E+03
           11        1.3994E+04
           12        2.3278E+03
           13        2.2691E+03
           14        2.1022E+03
           15        3.0114E+03
           16        5.0184E+02
           17        1.4877E+03
           18        4.9836E+02
           19        3.1403E+02
           20        3.8812E+02
           21        4.4590E+02
           22        4.6239E+02
           23        4.7676E+02
           24        1.9010E+03
           25        9.6305E+02
           26        9.4967E+02
           27        6.4851E+02
           28        2.2434E+02
           29        1.3701E+02
           30        1.8348E+02
           31        2.1339E+02
           32        1.6391E+02
           33        2.5265E+02
           34        6.0817E+02
           35        8.9679E+02
           36        9.0730E+02
           37        1.4318E+03
           38        1.3366E+03
           39        2.2948E+03
           40        1.7509E+03
           41        2.0721E+03
           42        2.3100E+03
           43        2.2072E+03
           44        1.2635E+03
           45        1.0069E+03
           46        1.1089E+03
           47        2.7102E+02
 
 -  Radially Averaged 1D Flux -
 
                --- > Plane #
  Energy Group         1
         1         1.1480E+03
         2         4.5957E+03
         3         9.7648E+03
         4         1.0974E+04
         5         1.0347E+04
         6         1.1534E+04
         7         1.4689E+04
         8         9.7329E+03
         9         1.3264E+04
        10         8.3754E+03
        11         1.3994E+04
        12         2.3278E+03
        13         2.2691E+03
        14         2.1022E+03
        15         3.0114E+03
        16         5.0184E+02
        17         1.4877E+03
        18         4.9836E+02
        19         3.1403E+02
        20         3.8812E+02
        21         4.4590E+02
        22         4.6239E+02
        23         4.7676E+02
        24         1.9010E+03
        25         9.6305E+02
        26         9.4967E+02
        27         6.4851E+02
        28         2.2434E+02
        29         1.3701E+02
        30         1.8348E+02
        31         2.1339E+02
        32         1.6391E+02
        33         2.5265E+02
        34         6.0817E+02
        35         8.9679E+02
        36         9.0730E+02
        37         1.4318E+03
        38         1.3366E+03
        39         2.2948E+03
        40         1.7509E+03
        41         2.0721E+03
        42         2.3100E+03
        43         2.2072E+03
        44         1.2635E+03
        45         1.0069E+03
        46         1.1089E+03
        47         2.7102E+02
 
 - Core Spectrum -
 
         1     1.1480E+03
         2     4.5957E+03
         3     9.7648E+03
         4     1.0974E+04
         5     1.0347E+04
         6     1.1534E+04
         7     1.4689E+04
         8     9.7329E+03
         9     1.3264E+04
        10     8.3754E+03
        11     1.3994E+04
        12     2.3278E+03
        13     2.2691E+03
        14     2.1022E+03
        15     3.0114E+03
        16     5.0184E+02
        17     1.4877E+03
        18     4.9836E+02
        19     3.1403E+02
        20     3.8812E+02
        21     4.4590E+02
        22     4.6239E+02
        23     4.7676E+02
        24     1.9010E+03
        25     9.6305E+02
        26     9.4967E+02
        27     6.4851E+02
        28     2.2434E+02
        29     1.3701E+02
        30     1.8348E+02
        31     2.1339E+02
        32     1.6391E+02
        33     2.5265E+02
        34     6.0817E+02
        35     8.9679E+02
        36     9.0730E+02
        37     1.4318E+03
        38     1.3366E+03
        39     2.2948E+03
        40     1.7509E+03
        41     2.0721E+03
        42     2.3100E+03
        43     2.2072E+03
        44     1.2635E+03
        45     1.0069E+03
        46     1.1089E+03
        47     2.7102E+02
 
 -  Flux Distribution for selected Pins -  
       Pin Identifier
 
========================================================================
               Total Time =        33.38  Sec
              Subgrp. FSP =         4.28  Sec
              Subgrp. RT. =         4.24  Sec,  N =      0
                   MOC MG =         6.76  Sec,  N =      4,  # THREAD =  14
                  CMFD MG =         0.48  Sec,  N =     35
                  CMFD CG =         0.00  Sec,  N =     35
                CMFD Init =         0.32  Sec,
                 Ax NODAL =         0.00  Sec
                Ax Kernel =         0.00  Sec
                     Ax=b =         0.13  Sec
                     DEPL =         0.00  Sec
              Preset DEPL =         0.00  Sec
          Sys. Setup DEPL =         0.00  Sec
                 Sol DEPL =         0.00  Sec
                Post DEPL =         0.00  Sec
             Base 1G DEPL =         0.00  Sec
             Base MG DEPL =         0.00  Sec
             Base MG DEPL =         0.00  Sec
              Sub Eff Gen =         0.00  Sec
       cuXS Sub Siglp Gen =         0.00  Sec
       cuXS Sub Main Part =         0.00  Sec
                      T-H =         0.00  Sec
                    Comm  =         0.00  Sec

00:00:12.282 Job Finished at 17:56:12.
 
  Devoloped by
         ______    __    __   __    __   _______    _______    __        
        /      \  /  \  /  | /  |  /  | /       \  /       \  /  |       
       /$$$$$$  | $$  \ $$ | $$ |  $$ | $$$$$$$  | $$$$$$$  | $$ |       
       $$ \__$$/  $$$  \$$ | $$ |  $$ | $$ |__$$ | $$ |__$$ | $$ |       
       $$      \  $$$$  $$ | $$ |  $$ | $$    $$<  $$    $$/  $$ |       
        $$$$$$  | $$ $$ $$ | $$ |  $$ | $$$$$$$  | $$$$$$$/   $$ |       
       /  \__$$ | $$ |$$$$ | $$ \__$$ | $$ |  $$ | $$ |       $$ |_____  
       $$    $$/  $$ | $$$ | $$    $$/  $$ |  $$ | $$ |       $$       | 
        $$$$$$/   $$/   $$/   $$$$$$/   $$/   $$/  $$/        $$$$$$$$/  
 
