nTRACERnTRACERnTRACERnTRACERnTRACERnTRACERnTRACERnTRACERnTRACERnTRACERnTRACERnTRACERnTRACERnTRACERnTRACERnTRACERnTRACERnTRACER



    b.             8 8888888 8888888888 8 888888888o.            .8.           ,o888888o.    8 8888888888   8 888888888o.                                                                                                                                        
    888o.          8       8 8888       8 8888    `88.          .888.         8888     `88.  8 8888         8 8888    `88.                                                                                                                                       
    Y88888o.       8       8 8888       8 8888     `88         :88888.     ,8 8888       `8. 8 8888         8 8888     `88                                                                                                                                       
    .`Y888888o.    8       8 8888       8 8888     ,88        . `88888.    88 8888           8 8888         8 8888     ,88                                                                                                                                       
    8o. `Y888888o. 8       8 8888       8 8888.   ,88'       .8. `88888.   88 8888           8 888888888888 8 8888.   ,88'                                                                                                                                       
    8`Y8o. `Y88888o8       8 8888       8 888888888P'       .8`8. `88888.  88 8888           8 8888         8 888888888P'                                                                                                                                        
    8   `Y8o. `Y8888       8 8888       8 8888`8b          .8' `8. `88888. 88 8888           8 8888         8 8888`8b                                                                                                                                            
    8      `Y8o. `Y8       8 8888       8 8888 `8b.       .8'   `8. `88888.`8 8888       .8' 8 8888         8 8888 `8b.                                                                                                                                          
    8         `Y8o.`       8 8888       8 8888   `8b.    .888888888. `88888.  8888     ,88'  8 8888         8 8888   `8b.                                                                                                                                        
    8            `Yo       8 8888       8 8888     `88. .8'       `8. `88888.  `8888888P'    8 888888888888 8 8888     `88.                                                                                                                                      



                                                        v2.50 Beta - 19/01/07

nTRACERnTRACERnTRACERnTRACERnTRACERnTRACERnTRACERnTRACERnTRACERnTRACERnTRACERnTRACERnTRACERnTRACERnTRACERnTRACERnTRACERnTRACER


           Executing Case VVER-1000_A02_FS20_V03
           by seongchan on fnode1 at 12:21:13, Oct. 22, 2020...





                                             Echo of Input Deck nTRACER.INP
------------------------------------------------------------------------------------------------------------------------------
CASEID VVER-1000_A02_FS20_V03
STATE
 th_cond     17.67357  301.85  12.3  84.08895 ! power_fa [MW], t_in [C], p_exit [MPa], mdot_fa [kg/s]

XSEC
 lib_type    2
 file        ./lib/G47_VII02016_v4_MCH.mlb
 rlb         ./lib/RG16_VII02016_v6.rlb
 slb         ./lib/RG16_VII02016_v3.slb
 deplfile    ./lib/depl_kappa.lib
 RT          T  T  F  8  T  T ! MLG, RIF, RST, nMLG, lCAT, L4LV

PARALLEL
 MOC_TRD     14 ! 14
 CMFD_TRD    14

OPTION
 RAY         0.05  24  4
 SCAT_ORDER  0
 NODE_MAJOR  T

CONV
 nMaxOuter   1500
 Eig_Conv    5E-5
 Psi_Conv    5E-5
 Res_Conv    5E-5
MATERIAL
 mixture     1 UO2 2 10.29    626.85 / 92235 4.64771E-04     ! 2.0 w/o
                                       92238 2.24861E-02                                                                                                                                                                                                        
                                        8016 4.59018E-02                                                                                                                                                                                                        
 mixture     2 AIR 0 0.001    626.85 /  8016 5.00000E-09     ! OXYGEN
 mixture     3 CLD 1 6.53     326.85 / 40090 2.19506E-02     ! Alloy E-110
                                       40091 4.78689E-03                                                                                                                                                                                                        
                                       40092 7.31685E-03                                                                                                                                                                                                        
                                       40094 7.41498E-03                                                                                                                                                                                                        
                                       40096 1.19459E-03                                                                                                                                                                                                        
                                       41093 4.23286E-04                                                                                                                                                                                                        
                                       72174 1.09423E-08                                                                                                                                                                                                        
                                       72176 3.44205E-07                                                                                                                                                                                                        
                                       72177 1.23125E-06                                                                                                                                                                                                        
                                       72178 1.80557E-06                                                                                                                                                                                                        
                                       72179 8.98783E-07                                                                                                                                                                                                        
                                       72180 2.31643E-06                                                                                                                                                                                                        
 mixture     4 MOD 0 0.663566 326.85 /  1001 4.42377E-02     ! water, 600 K, 0 ppm
                                        8016 2.21189E-02                                                                                                                                                                                                        
 mixture     5 SST 1 7.86     326.85 /  6000 3.15531E-04     ! SS 06X18H10T
                                       24050 7.31755E-04                                                                                                                                                                                                        
                                       24052 1.41112E-02                                                                                                                                                                                                        
                                       24053 1.60009E-03                                                                                                                                                                                                        
                                       24054 3.98297E-04                                                                                                                                                                                                        
                                       28058 5.76464E-03                                                                                                                                                                                                        
                                       28060 2.22052E-03                                                                                                                                                                                                        
                                       28061 9.65332E-05                                                                                                                                                                                                        
                                       28062 3.07721E-04                                                                                                                                                                                                        
                                       28064 7.84121E-05                                                                                                                                                                                                        
                                       22046 8.15619E-05                                                                                                                                                                                                        
                                       22047 7.35540E-05                                                                                                                                                                                                        
                                       22048 7.28817E-04                                                                                                                                                                                                        
                                       22049 5.34848E-05                                                                                                                                                                                                        
                                       22050 5.12110E-05                                                                                                                                                                                                        
                                       26054 3.46408E-03                                                                                                                                                                                                        
                                       26056 5.43786E-02                                                                                                                                                                                                        
                                       26057 1.25584E-03                                                                                                                                                                                                        
                                       26058 1.67129E-04                                                                                                                                                                                                        

GEOM
 HEX         T
 pitch       23.6
 ax_mesh     1*20
 HexOpt      T T 2 200 0.05 200 0.05

 cell  1     0.0750 0.3785 0.3865 0.4550 0.6300 / 2 1 2 3 4 4 /  1 7 1 1 2 1 / 11 / 1.275 / 23.5558909829367 ! UO2 2.0 w/o
 cell  2     0.5500 0.6300                      / 4 5 4       / 10 3 1       / 11 / 1.275 / 23.5558909829367 ! GT
 cell  3     0.4800 0.5800 0.6300               / 4 3 4 4     /  8 3 2 1     / 11 / 1.275 / 23.5558909829367 ! CT

 pin  1      1
 pin  2      2
 pin  3      3

 Gap_Cell 1  4 / 2 / 11 / 1.275 / 23.5558909829367

 Gap_Pin 1   1

 assembly 1  360 / 1 / 11 / 1.275 / 23.5558909829367
  1 1 1 1 1 1 1 1 1 1 1
  1 1 1 1 1 1 1 1 1 1 1 1
  1 1 1 1 1 1 1 1 1 1 1 1 1
  1 1 1 1 1 1 1 1 1 1 1 1 1 1
  1 1 1 1 1 1 1 2 1 1 1 1 1 1 1
  1 1 1 1 1 2 1 1 1 1 2 1 1 1 1 1
  1 1 1 1 1 1 1 1 1 1 1 1 1 1 1 1 1
  1 1 1 1 2 1 1 1 2 1 1 1 1 2 1 1 1 1
  1 1 1 1 1 1 1 1 1 1 1 2 1 1 1 1 1 1 1
  1 1 1 1 1 1 1 2 1 1 1 1 1 1 1 1 1 1 1 1
  1 1 1 1 1 2 1 1 1 1 3 1 1 1 1 2 1 1 1 1 1
    1 1 1 1 1 1 1 1 1 1 1 1 2 1 1 1 1 1 1 1
      1 1 1 1 1 1 1 2 1 1 1 1 1 1 1 1 1 1 1
        1 1 1 1 2 1 1 1 1 2 1 1 1 2 1 1 1 1
          1 1 1 1 1 1 1 1 1 1 1 1 1 1 1 1 1
            1 1 1 1 1 2 1 1 1 1 2 1 1 1 1 1
              1 1 1 1 1 1 1 2 1 1 1 1 1 1 1
                1 1 1 1 1 1 1 1 1 1 1 1 1 1
                  1 1 1 1 1 1 1 1 1 1 1 1 1
                    1 1 1 1 1 1 1 1 1 1 1 1
                      1 1 1 1 1 1 1 1 1 1 1

 rad_conf    360 CENT
  1

 albedo      0.  0.  0.

MKL
MKL
 AXTYPE      3  0
==============================================================================================================================
00:00:00.006 Reading Input from nTRACER.INP...
00:00:00.006 SCHEME : NODE MAJOR / DCMP : F / LinSrc : F
00:00:00.006 -------------------------------------------------------------------
00:00:00.007 HEX : Set Geom ...
00:00:00.010       Set CMFD Map ...
00:00:00.055       Set Ray Basic Data ...
00:00:00.342       Set Asy Ray Base ...
00:00:00.345           1 ...
00:00:01.485           2 ...
00:00:02.713           3 ...
00:00:03.927       Set Core Ray ...
00:00:04.062       Connect Core Ray ...
00:00:04.317       Convert Hex Ray ...
00:00:04.317 ------------------------------------------------------------------------
00:00:04.421 Initialize Control Rod Features...
00:00:04.421   Control Rod Cusping Module is not active...
00:00:04.610 Set Control Rod Position...
00:00:04.610 MOC Under-relaxtion Option :   F
00:00:04.610 Axial Reflector FDM Option :   F
00:00:04.612            Reference Fuel Temperature    626.85กษ
00:00:04.612 Solving Subgroup FSP...
00:00:14.306 Subgroup FSP (Fuel)         3         4.86403E-12
00:00:14.842 Subgroup FSP (Clad)         3         1.19841E-13
00:00:14.842 Subgroup FSP (AIC)          0         0.00000E+00
00:00:14.842 Update Subgroup Effective XSs...
00:00:14.878 Cell Homogenization...
00:00:14.897 Linear System Construction...
00:00:14.903 Performing CMFD Calculation...
  MGOUTER        1              1.094913      1.00000      3.543E-02
  MGOUTER        2              1.122741      0.11638      4.123E-03
  MGOUTER        3              1.137121      0.06990      2.476E-03
  MGOUTER        4              1.146714      0.04968      1.760E-03
  MGOUTER        5              1.153545      0.03514      1.245E-03
  MGOUTER        6              1.158421      0.02493      8.833E-04
  MGOUTER        7              1.161901      0.01772      6.280E-04
00:00:14.992 Performing Ray Tracing    1...
          Group    1   to   47   finished in      2.907  Sec
          Group   24   to   47   finished in      1.760  Sec
00:00:19.788    RT      1       1.108727   4.796E-02   5.096E-02   6.171E-03
00:00:19.800 Cell Homogenization...
00:00:19.821 Linear System Construction...
00:00:19.826 Performing CMFD Calculation...
  MGOUTER        8              1.128288      1.00000      4.338E-03
  MGOUTER        9              1.144187      0.71678      3.109E-03
  MGOUTER       10              1.155960      0.51831      2.248E-03
  MGOUTER       11              1.164586      0.37671      1.634E-03
  MGOUTER       12              1.170898      0.27436      1.190E-03
  MGOUTER       13              1.175517      0.20008      8.679E-04
  MGOUTER       14              1.178896      0.14604      6.335E-04
  MGOUTER       15              1.181369      0.10667      4.627E-04
  MGOUTER       16              1.183179      0.07795      3.382E-04
  Convergence - Flux :  F   TH :  F   B-Search:  T
00:00:19.934 Performing Ray Tracing    2...
          Group    1   to   47   finished in      2.802  Sec
          Group   24   to   47   finished in      1.745  Sec
00:00:24.609    RT      2       1.184867   1.425E-03   1.499E-03   2.575E-04
00:00:24.621 Cell Homogenization...
00:00:24.643 Linear System Construction...
00:00:24.647 Performing CMFD Calculation...
  MGOUTER       17              1.185942      1.00000      2.197E-04
  MGOUTER       18              1.186775      0.72326      1.589E-04
  MGOUTER       19              1.187390      0.52585      1.155E-04
  MGOUTER       20              1.187841      0.38377      8.431E-05
  MGOUTER       21              1.188171      0.28037      6.160E-05
  MGOUTER       22              1.188413      0.20494      4.502E-05
  MGOUTER       23              1.188589      0.14985      3.292E-05
  MGOUTER       24              1.188719      0.10958      2.407E-05
  MGOUTER       25              1.188813      0.08015      1.761E-05
  Convergence - Flux :  F   TH :  F   B-Search:  T
00:00:24.754 Performing Ray Tracing    3...
          Group    1   to   47   finished in      2.804  Sec
          Group   24   to   47   finished in      1.756  Sec
00:00:29.442    RT      3       1.188894   6.844E-05   7.805E-05   1.461E-05
00:00:29.455 Cell Homogenization...
00:00:29.474 Linear System Construction...
00:00:29.478 Performing CMFD Calculation...
  MGOUTER       26              1.188952      1.00000      1.165E-05
  MGOUTER       27              1.188995      0.71601      8.338E-06
  MGOUTER       28              1.189027      0.51853      6.039E-06
  MGOUTER       29              1.189050      0.37766      4.398E-06
  MGOUTER       30              1.189067      0.27558      3.209E-06
  MGOUTER       31              1.189080      0.20129      2.344E-06
  MGOUTER       32              1.189089      0.14710      1.713E-06
  MGOUTER       33              1.189095      0.10755      1.252E-06
  MGOUTER       34              1.189100      0.07866      9.160E-07
  Convergence - Flux :  F   TH :  F   B-Search:  T
00:00:29.583 Performing Ray Tracing    4...
          Group    1   to   47   finished in      2.798  Sec
          Group   24   to   47   finished in      1.755  Sec
00:00:34.265    RT      4       1.189104   3.239E-06   4.521E-06   1.028E-06
00:00:34.279 Cell Homogenization...
00:00:34.298 Linear System Construction...
00:00:34.301 Performing CMFD Calculation...
  MGOUTER       35              1.189107      1.00000      6.775E-07
  MGOUTER       36              1.189110      0.69734      4.724E-07
  MGOUTER       37              1.189111      0.49994      3.387E-07
  MGOUTER       38              1.189113      0.36222      2.454E-07
  MGOUTER       39              1.189114      0.26354      1.785E-07
  MGOUTER       40              1.189114      0.19221      1.302E-07
  MGOUTER       41              1.189115      0.14042      9.513E-08
  MGOUTER       42              1.189115      0.10272      6.959E-08
  MGOUTER       43              1.189115      0.07522      5.096E-08
  Convergence - Flux :  T   TH :  F   B-Search:  T
Burnup =     0.000 MWD/kgHM    0.000 EPFD  keff =   1.18912  kinf(BK) =   1.18912  ppm =     0.00 ppm
-----------------------------------------------------------------------------
                    k-eff =      1.18912
00:00:34.456  Writing Calculation Results in Output File...
              Case No :    0    Calculation No :    0
 
========================================================================
     Results
     Case No        :    0
     Calculation No :    0
========================================================================
 
       k-eff =    1.18912
 
- 2D Pin Power -
- Coordinate : 1st = from NE to SW, 2nd = from NNW to SSE
 
Eff Pin Num   312.00000
 
Assembly    1 at (      1      1)
      30.75452    30.26677    30.01807    29.91337    29.87201    29.85361    29.87121    29.91281    30.01772    30.26631    30.75457                                                                                                                                    
      30.26628    29.37851    29.05337    28.91574    28.87702    28.86882    28.86776    28.87590    28.91561    29.05252    29.37853    30.26680                                                                                                                        
      30.01770    29.05250    28.65052    28.49510    28.46082    28.51534    28.52936    28.51320    28.45910    28.49314    28.65053    29.05339    30.01809                                                                                                            
      29.91280    28.91560    28.49314    28.38168    28.38665    28.46955    28.74606    28.74257    28.46595    28.38141    28.38168    28.49511    28.91575    29.91338                                                                                                
      29.87121    28.87590    28.45893    28.38143    28.68931    28.80552    28.87441     0.00000    28.86369    28.78880    28.68931    28.38664    28.46083    28.87705    29.87202                                                                                    
      29.85361    28.86776    28.51320    28.46595    28.78880     0.00000    29.01736    29.06329    29.04477    28.96216     0.00000    28.80552    28.46965    28.51535    28.86882    29.85363                                                                        
      29.87200    28.86881    28.52936    28.74258    28.86369    28.96218    29.05951    29.15343    29.13422    28.89223    29.05951    29.01737    28.87438    28.74605    28.52934    28.86777    29.87123                                                            
      29.91337    28.87701    28.51534    28.74605     0.00000    29.04477    28.89211    29.23217     0.00000    29.24320    29.23215    29.15360    29.06331     0.00000    28.74257    28.51321    28.87593    29.91282                                                
      30.01808    28.91574    28.46099    28.46955    28.87441    29.06329    29.13422    29.24317    29.40131    29.45239    29.40130     0.00000    29.13418    29.04480    28.86366    28.46605    28.45894    28.91562    30.01773                                    
      30.26679    29.05338    28.49510    28.38662    28.80552    29.01734    29.15354     0.00000    29.45240    29.71750    29.71750    29.45239    29.24320    28.89229    28.96219    28.78881    28.38143    28.49315    29.05253    30.26632                        
      30.75455    29.37852    28.65053    28.38168    28.68930     0.00000    29.05950    29.23216    29.40130    29.71750     0.00000    29.71750    29.40131    29.23216    29.05951     0.00000    28.68931    28.38169    28.65054    29.37854    30.75458            
                  30.26630    29.05251    28.49314    28.38142    28.78880    28.96219    28.89229    29.24320    29.45239    29.71750    29.71750    29.45240     0.00000    29.15355    29.01735    28.80553    28.38664    28.49512    29.05340    30.26681            
                              30.01771    28.91561    28.45894    28.46605    28.86365    29.04480    29.13418     0.00000    29.40131    29.45240    29.40131    29.24318    29.13423    29.06330    28.87442    28.46957    28.46100    28.91576    30.01810            
                                          29.91281    28.87593    28.51321    28.74257     0.00000    29.06331    29.15360    29.23216    29.24321     0.00000    29.23218    28.89213    29.04478     0.00000    28.74607    28.51536    28.87703    29.91339            
                                                      29.87122    28.86776    28.52934    28.74605    28.87438    29.01738    29.05951    28.89224    29.13423    29.15344    29.05953    28.96219    28.86370    28.74260    28.52938    28.86883    29.87202            
                                                                  29.85362    28.86882    28.51535    28.46965    28.80553     0.00000    28.96217    29.04478    29.06330    29.01738     0.00000    28.78882    28.46596    28.51322    28.86778    29.85363            
                                                                              29.87202    28.87705    28.46083    28.38664    28.68931    28.78881    28.86370     0.00000    28.87442    28.80553    28.68933    28.38145    28.45895    28.87593    29.87124            
                                                                                          29.91338    28.91576    28.49512    28.38169    28.38142    28.46596    28.74259    28.74608    28.46957    28.38667    28.38170    28.49316    28.91563    29.91283            
                                                                                                      30.01810    29.05340    28.65054    28.49315    28.45911    28.51322    28.52938    28.51536    28.46084    28.49513    28.65055    29.05253    30.01774            
                                                                                                                  30.26681    29.37854    29.05252    28.91562    28.87591    28.86777    28.86883    28.87704    28.91577    29.05341    29.37855    30.26633            
                                                                                                                              30.75458    30.26632    30.01773    29.91282    29.87122    29.85363    29.87203    29.91340    30.01811    30.26682    30.75459            
 
- Local Pin Power -
- Coordinate : 1st = from NE to SW, 2nd = from NNW to SSE
 
Eff Pin Num   312.00000
 
 Plane    1
Assembly    1 at (      1      1 )
      30.75452    30.26677    30.01807    29.91337    29.87201    29.85361    29.87121    29.91281    30.01772    30.26631    30.75457                                                                                                                                    
      30.26628    29.37851    29.05337    28.91574    28.87702    28.86882    28.86776    28.87590    28.91561    29.05252    29.37853    30.26680                                                                                                                        
      30.01770    29.05250    28.65052    28.49510    28.46082    28.51534    28.52936    28.51320    28.45910    28.49314    28.65053    29.05339    30.01809                                                                                                            
      29.91280    28.91560    28.49314    28.38168    28.38665    28.46955    28.74606    28.74257    28.46595    28.38141    28.38168    28.49511    28.91575    29.91338                                                                                                
      29.87121    28.87590    28.45893    28.38143    28.68931    28.80552    28.87441     0.00000    28.86369    28.78880    28.68931    28.38664    28.46083    28.87705    29.87202                                                                                    
      29.85361    28.86776    28.51320    28.46595    28.78880     0.00000    29.01736    29.06329    29.04477    28.96216     0.00000    28.80552    28.46965    28.51535    28.86882    29.85363                                                                        
      29.87200    28.86881    28.52936    28.74258    28.86369    28.96218    29.05951    29.15343    29.13422    28.89223    29.05951    29.01737    28.87438    28.74605    28.52934    28.86777    29.87123                                                            
      29.91337    28.87701    28.51534    28.74605     0.00000    29.04477    28.89211    29.23217     0.00000    29.24320    29.23215    29.15360    29.06331     0.00000    28.74257    28.51321    28.87593    29.91282                                                
      30.01808    28.91574    28.46099    28.46955    28.87441    29.06329    29.13422    29.24317    29.40131    29.45239    29.40130     0.00000    29.13418    29.04480    28.86366    28.46605    28.45894    28.91562    30.01773                                    
      30.26679    29.05338    28.49510    28.38662    28.80552    29.01734    29.15354     0.00000    29.45240    29.71750    29.71750    29.45239    29.24320    28.89229    28.96219    28.78881    28.38143    28.49315    29.05253    30.26632                        
      30.75455    29.37852    28.65053    28.38168    28.68930     0.00000    29.05950    29.23216    29.40130    29.71750     0.00000    29.71750    29.40131    29.23216    29.05951     0.00000    28.68931    28.38169    28.65054    29.37854    30.75458            
                  30.26630    29.05251    28.49314    28.38142    28.78880    28.96219    28.89229    29.24320    29.45239    29.71750    29.71750    29.45240     0.00000    29.15355    29.01735    28.80553    28.38664    28.49512    29.05340    30.26681            
                              30.01771    28.91561    28.45894    28.46605    28.86365    29.04480    29.13418     0.00000    29.40131    29.45240    29.40131    29.24318    29.13423    29.06330    28.87442    28.46957    28.46100    28.91576    30.01810            
                                          29.91281    28.87593    28.51321    28.74257     0.00000    29.06331    29.15360    29.23216    29.24321     0.00000    29.23218    28.89213    29.04478     0.00000    28.74607    28.51536    28.87703    29.91339            
                                                      29.87122    28.86776    28.52934    28.74605    28.87438    29.01738    29.05951    28.89224    29.13423    29.15344    29.05953    28.96219    28.86370    28.74260    28.52938    28.86883    29.87202            
                                                                  29.85362    28.86882    28.51535    28.46965    28.80553     0.00000    28.96217    29.04478    29.06330    29.01738     0.00000    28.78882    28.46596    28.51322    28.86778    29.85363            
                                                                              29.87202    28.87705    28.46083    28.38664    28.68931    28.78881    28.86370     0.00000    28.87442    28.80553    28.68933    28.38145    28.45895    28.87593    29.87124            
                                                                                          29.91338    28.91576    28.49512    28.38169    28.38142    28.46596    28.74259    28.74608    28.46957    28.38667    28.38170    28.49316    28.91563    29.91283            
                                                                                                      30.01810    29.05340    28.65054    28.49315    28.45911    28.51322    28.52938    28.51536    28.46084    28.49513    28.65055    29.05253    30.01774            
                                                                                                                  30.26681    29.37854    29.05252    28.91562    28.87591    28.86777    28.86883    28.87704    28.91577    29.05341    29.37855    30.26633            
                                                                                                                              30.75458    30.26632    30.01773    29.91282    29.87122    29.85363    29.87203    29.91340    30.01811    30.26682    30.75459            
 
- Axially Averaged 2D Assembly Power -
 
 
     Max. =     1.000
 
 - Radially Averaged 1D Power -
   Plane #   Power
         1  1.0000

 -  Axially Averaged 2D Flux -
 -  Groups per Assembly
- Order of assembly : Start from left-top, proceed first x-dir, later y-dir -
 
        Group   Assembly       1
            1        3.3668E+03
            2        1.3480E+04
            3        2.8607E+04
            4        3.1807E+04
            5        2.9913E+04
            6        3.3355E+04
            7        4.2320E+04
            8        2.8159E+04
            9        3.8411E+04
           10        2.4321E+04
           11        4.1200E+04
           12        6.8775E+03
           13        6.7878E+03
           14        6.3546E+03
           15        9.1716E+03
           16        1.5589E+03
           17        4.6455E+03
           18        1.5207E+03
           19        9.4119E+02
           20        1.1863E+03
           21        1.3888E+03
           22        1.4292E+03
           23        1.4600E+03
           24        5.9186E+03
           25        3.0024E+03
           26        2.9594E+03
           27        2.0322E+03
           28        7.1599E+02
           29        4.4212E+02
           30        5.9172E+02
           31        6.8638E+02
           32        5.2679E+02
           33        8.1294E+02
           34        1.9589E+03
           35        2.9265E+03
           36        3.0529E+03
           37        5.4547E+03
           38        6.4466E+03
           39        1.3250E+04
           40        1.0778E+04
           41        1.3613E+04
           42        1.4660E+04
           43        1.4253E+04
           44        8.0719E+03
           45        6.4809E+03
           46        7.0534E+03
           47        1.7056E+03
 
 -  Radially Averaged 1D Flux -
 
                --- > Plane #
  Energy Group         1
         1         3.3668E+03
         2         1.3480E+04
         3         2.8607E+04
         4         3.1807E+04
         5         2.9913E+04
         6         3.3355E+04
         7         4.2320E+04
         8         2.8159E+04
         9         3.8411E+04
        10         2.4321E+04
        11         4.1200E+04
        12         6.8775E+03
        13         6.7878E+03
        14         6.3546E+03
        15         9.1716E+03
        16         1.5589E+03
        17         4.6455E+03
        18         1.5207E+03
        19         9.4119E+02
        20         1.1863E+03
        21         1.3888E+03
        22         1.4292E+03
        23         1.4600E+03
        24         5.9186E+03
        25         3.0024E+03
        26         2.9594E+03
        27         2.0322E+03
        28         7.1599E+02
        29         4.4212E+02
        30         5.9172E+02
        31         6.8638E+02
        32         5.2679E+02
        33         8.1294E+02
        34         1.9589E+03
        35         2.9265E+03
        36         3.0529E+03
        37         5.4547E+03
        38         6.4466E+03
        39         1.3250E+04
        40         1.0778E+04
        41         1.3613E+04
        42         1.4660E+04
        43         1.4253E+04
        44         8.0719E+03
        45         6.4809E+03
        46         7.0534E+03
        47         1.7056E+03
 
 - Core Spectrum -
 
         1     3.3668E+03
         2     1.3480E+04
         3     2.8607E+04
         4     3.1807E+04
         5     2.9913E+04
         6     3.3355E+04
         7     4.2320E+04
         8     2.8159E+04
         9     3.8411E+04
        10     2.4321E+04
        11     4.1200E+04
        12     6.8775E+03
        13     6.7878E+03
        14     6.3546E+03
        15     9.1716E+03
        16     1.5589E+03
        17     4.6455E+03
        18     1.5207E+03
        19     9.4119E+02
        20     1.1863E+03
        21     1.3888E+03
        22     1.4292E+03
        23     1.4600E+03
        24     5.9186E+03
        25     3.0024E+03
        26     2.9594E+03
        27     2.0322E+03
        28     7.1599E+02
        29     4.4212E+02
        30     5.9172E+02
        31     6.8638E+02
        32     5.2679E+02
        33     8.1294E+02
        34     1.9589E+03
        35     2.9265E+03
        36     3.0529E+03
        37     5.4547E+03
        38     6.4466E+03
        39     1.3250E+04
        40     1.0778E+04
        41     1.3613E+04
        42     1.4660E+04
        43     1.4253E+04
        44     8.0719E+03
        45     6.4809E+03
        46     7.0534E+03
        47     1.7056E+03
 
 -  Flux Distribution for selected Pins -  
       Pin Identifier
 
========================================================================
               Total Time =        60.91  Sec
              Subgrp. FSP =        10.23  Sec
              Subgrp. RT. =        10.15  Sec,  N =      0
                   MOC MG =        18.95  Sec,  N =      4,  # THREAD =  14
                  MOC RT. =         0.00  Sec
                  CMFD MG =         0.57  Sec,  N =     43
                  CMFD MG =         0.57  Sec,  N =     43
                CMFD Init =         0.12  Sec,
                 Ax NODAL =         0.00  Sec
                Ax Kernel =         0.00  Sec
                     Ax=b =         0.42  Sec
                     DEPL =         0.00  Sec
                      T-H =         0.00  Sec
                    Comm  =         0.00  Sec

00:00:34.459 Job Finished at 12:21:47.
 
  Devoloped by
         ______    __    __   __    __   _______    _______    __        
        /      \  /  \  /  | /  |  /  | /       \  /       \  /  |       
       /$$$$$$  | $$  \ $$ | $$ |  $$ | $$$$$$$  | $$$$$$$  | $$ |       
       $$ \__$$/  $$$  \$$ | $$ |  $$ | $$ |__$$ | $$ |__$$ | $$ |       
       $$      \  $$$$  $$ | $$ |  $$ | $$    $$<  $$    $$/  $$ |       
        $$$$$$  | $$ $$ $$ | $$ |  $$ | $$$$$$$  | $$$$$$$/   $$ |       
       /  \__$$ | $$ |$$$$ | $$ \__$$ | $$ |  $$ | $$ |       $$ |_____  
       $$    $$/  $$ | $$$ | $$    $$/  $$ |  $$ | $$ |       $$       | 
        $$$$$$/   $$/   $$/   $$$$$$/   $$/   $$/  $$/        $$$$$$$$/  
 
