nTRACERnTRACERnTRACERnTRACERnTRACERnTRACERnTRACERnTRACERnTRACERnTRACERnTRACERnTRACERnTRACERnTRACERnTRACERnTRACERnTRACERnTRACER



    b.             8 8888888 8888888888 8 888888888o.            .8.           ,o888888o.    8 8888888888   8 888888888o.                                                                                                                                        
    888o.          8       8 8888       8 8888    `88.          .888.         8888     `88.  8 8888         8 8888    `88.                                                                                                                                       
    Y88888o.       8       8 8888       8 8888     `88         :88888.     ,8 8888       `8. 8 8888         8 8888     `88                                                                                                                                       
    .`Y888888o.    8       8 8888       8 8888     ,88        . `88888.    88 8888           8 8888         8 8888     ,88                                                                                                                                       
    8o. `Y888888o. 8       8 8888       8 8888.   ,88'       .8. `88888.   88 8888           8 888888888888 8 8888.   ,88'                                                                                                                                       
    8`Y8o. `Y88888o8       8 8888       8 888888888P'       .8`8. `88888.  88 8888           8 8888         8 888888888P'                                                                                                                                        
    8   `Y8o. `Y8888       8 8888       8 8888`8b          .8' `8. `88888. 88 8888           8 8888         8 8888`8b                                                                                                                                            
    8      `Y8o. `Y8       8 8888       8 8888 `8b.       .8'   `8. `88888.`8 8888       .8' 8 8888         8 8888 `8b.                                                                                                                                          
    8         `Y8o.`       8 8888       8 8888   `8b.    .888888888. `88888.  8888     ,88'  8 8888         8 8888   `8b.                                                                                                                                        
    8            `Yo       8 8888       8 8888     `88. .8'       `8. `88888.  `8888888P'    8 888888888888 8 8888     `88.                                                                                                                                      



                                                        v2.50 Beta - 19/01/07

nTRACERnTRACERnTRACERnTRACERnTRACERnTRACERnTRACERnTRACERnTRACERnTRACERnTRACERnTRACERnTRACERnTRACERnTRACERnTRACERnTRACERnTRACER


           Executing Case VVER-440_FULL-CORE_SngAsy
           by seongchan on fnode1 at 13:24:57, Oct. 22, 2020...





                                             Echo of Input Deck nTRACER.INP
------------------------------------------------------------------------------------------------------------------------------
CASEID VVER-440_FULL-CORE_SngAsy
STATE
 th_cond      17.67357  270  12.3 84.08895  ! power_fa [MW], t_in [C], p_exit [MPa], mdot_fa [kg/s]

XSEC
 lib_type     2
 file         ./lib/G47_VII02016_v4_MCH.mlb
 rlb          ./lib/RG16_VII02016_v6.rlb
 slb          ./lib/RG16_VII02016_v3.slb
 deplfile     ./lib/depl_kappa.lib
 RT           T  T  F  8  T  T ! MLG, RIF, RST, nMLG, lCAT, L4LV

PARALLEL
 MOC_TRD      14 ! 14

OPTION
 RAY          0.05  12  4
 SCAT_ORDER   0
 NODE_MAJOR   T

CONV
 nMaxOuter    1500
 Eig_Conv     5E-5
 Psi_Conv     5E-5
 Res_Conv     5E-5
GEOM
 HEX          T
 pitch        14.7
 ax_mesh      1*20
!HexOpt       T  T  2  200  0.05  200  0.05

 cell  1      0.06 0.38 0.3865 0.455 0.61 / 11 1 11 7 10 10 / 1 6 1 1 2 1 / 7 / 1.23 / 14.2028 ! 1.6 w/o
 cell  2      0.06 0.38 0.3865 0.455 0.61 / 11 2 11 7 10 10 / 1 6 1 1 2 1 / 7 / 1.23 / 14.2028 ! 2.4 w/o
 cell  3      0.06 0.38 0.3865 0.455 0.61 / 11 3 11 7 10 10 / 1 6 1 1 2 1 / 7 / 1.23 / 14.2028 ! 3.6 w/o
 cell  4      0.06 0.38 0.3865 0.455 0.61 / 11 4 11 7 10 10 / 1 6 1 1 2 1 / 7 / 1.23 / 14.2028 ! 4.0 w/o
 cell  5      0.06 0.38 0.3865 0.455 0.61 / 11 5 11 7 10 10 / 1 6 1 1 2 1 / 7 / 1.23 / 14.2028 ! 4.4 w/o
 cell  6      0.06 0.38 0.3865 0.455 0.61 / 11 6 11 7 10 10 / 1 6 1 1 2 1 / 7 / 1.23 / 14.2028 ! 4.0 w/o with Gd

 cell  7      0.44 0.515 0.61 / 10 7 10 10 / 6 1 2 1 / 7 / 1.23 / 14.2028 ! Central Tube

 pin  1       1
 pin  2       2
 pin  3       3
 pin  4       4
 pin  5       5
 pin  6       6
 pin  7       7

 Gap_Cell 1   0.0986 / 10  8 /  1 2 / 7 / 1.23 / 14.2028

 Gap_Pin 1    1

 assembly 1   360 / 1 / 7 / 1.23 / 14.2028 ! UO2 1.6 w/o
  1  1  1  1  1  1  1
  1  1  1  1  1  1  1  1
  1  1  1  1  1  1  1  1  1
  1  1  1  1  1  1  1  1  1  1
  1  1  1  1  1  1  1  1  1  1  1
  1  1  1  1  1  1  1  1  1  1  1  1
  1  1  1  1  1  1  7  1  1  1  1  1  1
     1  1  1  1  1  1  1  1  1  1  1  1
        1  1  1  1  1  1  1  1  1  1  1
           1  1  1  1  1  1  1  1  1  1
              1  1  1  1  1  1  1  1  1
                 1  1  1  1  1  1  1  1
                    1  1  1  1  1  1  1

 assembly 2   360 / 1 / 7 / 1.23 / 14.2028 ! UO2 2.4 w/o
  2  2  2  2  2  2  2
  2  2  2  2  2  2  2  2
  2  2  2  2  2  2  2  2  2
  2  2  2  2  2  2  2  2  2  2
  2  2  2  2  2  2  2  2  2  2  2
  2  2  2  2  2  2  2  2  2  2  2  2
  2  2  2  2  2  2  7  2  2  2  2  2  2
     2  2  2  2  2  2  2  2  2  2  2  2
        2  2  2  2  2  2  2  2  2  2  2
           2  2  2  2  2  2  2  2  2  2
              2  2  2  2  2  2  2  2  2
                 2  2  2  2  2  2  2  2
                    2  2  2  2  2  2  2

 assembly 3   360 / 1 / 7 / 1.23 / 14.2028 ! UO2 4.25 w/o
  3  4  4  4  4  4  3
  4  6  5  5  5  5  6  4
  4  5  5  5  5  5  5  5  4
  4  5  5  5  5  5  5  5  5  4
  4  5  5  5  5  5  5  5  5  5  4
  4  5  5  5  5  5  5  5  5  5  5  4
  3  6  5  5  5  5  7  5  5  5  5  6  3
     4  5  5  5  5  5  5  5  5  5  5  4
        4  5  5  5  5  5  5  5  5  5  4
           4  5  5  5  5  5  5  5  5  4
              4  5  5  5  5  5  5  5  4
                 4  6  5  5  5  5  6  4
                    3  4  4  4  4  4  3

 rad_conf     360 CENT
  3

 albedo       0.  0.  0.
!crn_stff     9  0.065  2.5

MKL
MKL
 AXTYPE       3  0
 GCCMFD       T
 GCSTR        1  23  24  47

MATERIAL
 mixture      1 UO2 2 10.31341  270.00 /    8016 4.64026E-02     ! 1.6 w/o
                                           92234 3.02003E-06                                                                                                                                                                                                    
                                           92235 3.75892E-04                                                                                                                                                                                                    
                                           92238 2.28224E-02                                                                                                                                                                                                    
 mixture      2 UO2 2 10.31341  270.00 /    8016 4.64069E-02     ! 2.4 w/o
                                           92234 4.52999E-06                                                                                                                                                                                                    
                                           92235 5.63831E-04                                                                                                                                                                                                    
                                           92238 2.26351E-02                                                                                                                                                                                                    
 mixture      3 UO2 2 10.31341  270.00 /    8016 4.64132E-02     ! 3.6 w/o
                                           92234 6.79486E-06                                                                                                                                                                                                    
                                           92235 8.45731E-04                                                                                                                                                                                                    
                                           92238 2.23541E-02                                                                                                                                                                                                    
 mixture      4 UO2 2 10.31341  270.00 /    8016 4.64153E-02     ! 4.0 w/o
                                           92234 7.54980E-06                                                                                                                                                                                                    
                                           92235 9.39696E-04                                                                                                                                                                                                    
                                           92238 2.22604E-02                                                                                                                                                                                                    
 mixture      5 UO2 2 10.31341  270.00 /    8016 4.64174E-02     ! 4.4 w/o
                                           92234 8.30473E-06                                                                                                                                                                                                    
                                           92235 1.03366E-03                                                                                                                                                                                                    
                                           92238 2.21668E-02                                                                                                                                                                                                    
 mixture      6 UO2 2 10.31341  270.00 /    8016 4.65970E-02     ! 4.0 w/o with Gd
                                           92234 7.29688E-06                                                                                                                                                                                                    
                                           92235 9.08216E-04                                                                                                                                                                                                    
                                           92238 2.15147E-02                                                                                                                                                                                                    
                                           64154 2.52388E-05                                                                                                                                                                                                    
                                           64155 1.71346E-04                                                                                                                                                                                                    
                                           64156 2.36990E-04                                                                                                                                                                                                    
                                           64157 1.81187E-04                                                                                                                                                                                                    
                                           64158 2.87583E-04                                                                                                                                                                                                    
 mixture      7 CLD 1 10.31341  270.00 /   40090 2.19754E-02     ! E-110
                                           40091 4.79230E-03                                                                                                                                                                                                    
                                           40092 7.32514E-03                                                                                                                                                                                                    
                                           40094 7.42338E-03                                                                                                                                                                                                    
                                           40096 1.19594E-03                                                                                                                                                                                                    
                                           41093 4.24582E-04                                                                                                                                                                                                    
                                            8016 2.46677E-04                                                                                                                                                                                                    
                                           26054 2.06429E-06                                                                                                                                                                                                    
                                           26056 3.24049E-05                                                                                                                                                                                                    
                                           26057 7.48371E-07                                                                                                                                                                                                    
                                           26058 9.95945E-08                                                                                                                                                                                                    
                                            6000 6.56812E-05                                                                                                                                                                                                    
                                           24050 6.59240E-07                                                                                                                                                                                                    
                                           24052 1.27128E-05                                                                                                                                                                                                    
                                           24053 1.44153E-06                                                                                                                                                                                                    
                                           24054 3.58827E-07                                                                                                                                                                                                    
                                           28058 9.15023E-06                                                                                                                                                                                                    
                                           28060 3.52463E-06                                                                                                                                                                                                    
                                           28061 1.53214E-07                                                                                                                                                                                                    
                                           28062 4.88526E-07                                                                                                                                                                                                    
                                           28064 1.24396E-07                                                                                                                                                                                                    
                                           72174 3.62837E-09                                                                                                                                                                                                    
                                           72176 1.16806E-07                                                                                                                                                                                                    
                                           72177 4.13756E-07                                                                                                                                                                                                    
                                           72178 6.00743E-07                                                                                                                                                                                                    
                                           72179 3.03083E-07                                                                                                                                                                                                    
                                           72180 7.72022E-07                                                                                                                                                                                                    
 mixture      8 CLD 1 10.31341  270.00 /   40090 2.16417E-02     ! E-125
                                           40091 4.71953E-03                                                                                                                                                                                                    
                                           40092 7.21390E-03                                                                                                                                                                                                    
                                           40094 7.31065E-03                                                                                                                                                                                                    
                                           40096 1.17778E-03                                                                                                                                                                                                    
                                           41093 1.06145E-03                                                                                                                                                                                                    
                                            8016 2.46677E-04                                                                                                                                                                                                    
                                           26054 2.06429E-06                                                                                                                                                                                                    
                                           26056 3.24049E-05                                                                                                                                                                                                    
                                           26057 7.48371E-07                                                                                                                                                                                                    
                                           26058 9.95945E-08                                                                                                                                                                                                    
                                            6000 6.56812E-05                                                                                                                                                                                                    
                                           24050 6.59240E-07                                                                                                                                                                                                    
                                           24052 1.27128E-05                                                                                                                                                                                                    
                                           24053 1.44153E-06                                                                                                                                                                                                    
                                           24054 3.58827E-07                                                                                                                                                                                                    
                                           28058 9.15023E-06                                                                                                                                                                                                    
                                           28060 3.52463E-06                                                                                                                                                                                                    
                                           28061 1.53214E-07                                                                                                                                                                                                    
                                           28062 4.88526E-07                                                                                                                                                                                                    
                                           28064 1.24396E-07                                                                                                                                                                                                    
                                           72174 3.62837E-09                                                                                                                                                                                                    
                                           72176 1.16806E-07                                                                                                                                                                                                    
                                           72177 4.13756E-07                                                                                                                                                                                                    
                                           72178 6.00743E-07                                                                                                                                                                                                    
                                           72179 3.03083E-07                                                                                                                                                                                                    
                                           72180 7.72022E-07                                                                                                                                                                                                    
 mixture      9 CLD 1 10.31341  270.00 /   26054 3.45590E-03     ! Steel
                                           26056 5.42502E-02                                                                                                                                                                                                    
                                           26057 1.25287E-03                                                                                                                                                                                                    
                                           26058 1.66734E-04                                                                                                                                                                                                    
                                           24050 7.24663E-04                                                                                                                                                                                                    
                                           24052 1.39744E-02                                                                                                                                                                                                    
                                           24053 1.58458E-03                                                                                                                                                                                                    
                                           24054 3.94437E-04                                                                                                                                                                                                    
                                           28058 5.58791E-03                                                                                                                                                                                                    
                                           28060 2.15244E-03                                                                                                                                                                                                    
                                           28061 9.35656E-05                                                                                                                                                                                                    
                                           28062 2.98336E-04                                                                                                                                                                                                    
                                           28064 7.59671E-05                                                                                                                                                                                                    
                                           25055 1.75387E-03                                                                                                                                                                                                    
                                           14028 1.26558E-03                                                                                                                                                                                                    
                                           14029 6.42927E-05                                                                                                                                                                                                    
                                           14030 4.24318E-05                                                                                                                                                                                                    
                                           22046 4.56676E-05                                                                                                                                                                                                    
                                           22047 4.11838E-05                                                                                                                                                                                                    
                                           22048 4.08074E-04                                                                                                                                                                                                    
                                           22049 2.99468E-05                                                                                                                                                                                                    
                                           22050 2.86737E-05                                                                                                                                                                                                    
                                            6000 3.20885E-04                                                                                                                                                                                                    
                                           15031 5.44392E-05                                                                                                                                                                                                    
 mixture     10 MOD 0 10.31341  270.00 /    1001 5.19820E-02     ! Moderator
                                            8016 2.59909E-02                                                                                                                                                                                                    
                                            5010 4.53447E-06                                                                                                                                                                                                    
                                            5011 1.82500E-05                                                                                                                                                                                                    
 mixture     11 AIR 0 0.001     270.00 /    8016 21.000          ! AIR for GAP
                                            7014 79.000                                                                                                                                                                                                         
==============================================================================================================================
00:00:00.009 Reading Input from nTRACER.INP...
00:00:00.009 SCHEME : NODE MAJOR / DCMP : F / LinSrc : F
00:00:00.009 -------------------------------------------------------------------
00:00:00.009 HEX : Set Geom ...
00:00:00.010       Set CMFD Map ...
00:00:00.083       Set Ray Basic Data ...
00:00:00.144       Set Asy Ray Base ...
00:00:00.145           1 ...
00:00:00.396           2 ...
00:00:00.646       Set Core Ray ...
00:00:00.683       Connect Core Ray ...
00:00:00.709       Convert Hex Ray ...
00:00:00.709 ------------------------------------------------------------------------
00:00:00.758 Initialize Control Rod Features...
00:00:00.758   Control Rod Cusping Module is not active...
00:00:00.810 Set Control Rod Position...
00:00:00.810 MOC Under-relaxtion Option :   F
00:00:00.810 Axial Reflector FDM Option :   F
00:00:00.810            Reference Fuel Temperature    270.00กษ
00:00:00.810 Solving Subgroup FSP...
00:00:04.811 Subgroup FSP (Fuel)         3         4.40274E-12
00:00:05.009 Subgroup FSP (Clad)         3         4.55395E-13
00:00:05.009 Subgroup FSP (AIC)          0         0.00000E+00
00:00:05.009 Update Subgroup Effective XSs...
00:00:05.028 Cell Homogenization...
00:00:05.097 Linear System Construction...
00:00:05.104 Performing CMFD Calculation...
  MGOUTER        1              1.212743      1.00000      2.909E-02
  MGOUTER        2              1.209976      0.11870      3.453E-03
  MGOUTER        3              1.208244      0.03978      1.157E-03
  MGOUTER        4              1.207553      0.01501      4.366E-04
  MGOUTER        5              1.207342      0.00590      1.716E-04
00:00:05.131 Group Condensing...
  CGOUTER        1              1.207301      1.00000      3.063E-04
  CGOUTER        2              1.207295      0.04324      1.324E-05
  CGOUTER        3              1.207295      0.00229      7.023E-07
  CGOUTER        4              1.207295      0.00029      8.944E-08
  CGOUTER        5              1.207295      0.00006      1.808E-08
  CGOUTER        6              1.207295      0.00001      3.793E-09
  CGOUTER        7              1.207295      0.00000      7.972E-10
00:00:05.134 Group Reconstruction...
  MGOUTER        6              1.207281      0.00080      2.319E-05
  MGOUTER        7              1.207276      0.00041      1.194E-05
00:00:05.149 Performing Ray Tracing    1...
          Group    1   to   47   finished in      1.030  Sec
          Group   24   to   47   finished in      0.585  Sec
00:00:06.826    RT      1       1.111895   8.578E-02   9.765E-02   8.746E-03
00:00:06.833 Cell Homogenization...
00:00:06.900 Linear System Construction...
00:00:06.906 Performing CMFD Calculation...
  MGOUTER        8              1.146224      1.00000      5.480E-03
  MGOUTER        9              1.168146      0.55054      3.017E-03
  MGOUTER       10              1.180451      0.30406      1.666E-03
  MGOUTER       11              1.187272      0.16854      9.235E-04
  MGOUTER       12              1.191050      0.09350      5.123E-04
00:00:06.924 Group Condensing...
  CGOUTER        8              1.195718      1.00000      2.592E-04
  CGOUTER        9              1.195696      0.03324      8.618E-06
  CGOUTER       10              1.195696      0.00142      3.690E-07
  CGOUTER       11              1.195696      0.00006      1.685E-08
  CGOUTER       12              1.195696      0.00001      1.376E-09
  CGOUTER       13              1.195696      0.00000      2.492E-10
  CGOUTER       14              1.195696      0.00000      5.122E-11
00:00:06.927 Group Reconstruction...
  MGOUTER       13              1.195370      0.01143      6.261E-05
  MGOUTER       14              1.195525      0.00507      2.781E-05
  Convergence - Flux :  F   TH :  F   B-Search:  T
00:00:06.940 Performing Ray Tracing    2...
          Group    1   to   47   finished in      1.011  Sec
          Group   24   to   47   finished in      0.589  Sec
00:00:08.608    RT      2       1.196307   6.535E-04   1.645E-03   3.658E-04
00:00:08.615 Cell Homogenization...
00:00:08.682 Linear System Construction...
00:00:08.688 Performing CMFD Calculation...
  MGOUTER       15              1.196570      1.00000      1.156E-04
  MGOUTER       16              1.196774      0.47495      5.492E-05
  MGOUTER       17              1.196901      0.23506      2.718E-05
  MGOUTER       18              1.196977      0.12155      1.406E-05
  MGOUTER       19              1.197020      0.06443      7.451E-06
00:00:08.707 Group Condensing...
  CGOUTER       15              1.197078      1.00000      8.304E-06
  CGOUTER       16              1.197078      0.06068      5.039E-07
  CGOUTER       17              1.197078      0.00966      8.020E-08
  CGOUTER       18              1.197078      0.00197      1.633E-08
  CGOUTER       19              1.197078      0.00041      3.376E-09
  CGOUTER       20              1.197078      0.00008      6.984E-10
  CGOUTER       21              1.197078      0.00002      1.445E-10
00:00:08.708 Group Reconstruction...
  MGOUTER       20              1.197073      0.00831      9.613E-07
  MGOUTER       21              1.197075      0.00393      4.550E-07
  Convergence - Flux :  F   TH :  F   B-Search:  T
00:00:08.723 Performing Ray Tracing    3...
          Group    1   to   47   finished in      0.985  Sec
          Group   24   to   47   finished in      0.596  Sec
00:00:10.365    RT      3       1.197009   5.471E-05   1.877E-04   3.335E-05
00:00:10.371 Cell Homogenization...
00:00:10.444 Linear System Construction...
00:00:10.450 Performing CMFD Calculation...
  MGOUTER       22              1.197041      1.00000      1.002E-05
  MGOUTER       23              1.197062      0.42464      4.256E-06
  MGOUTER       24              1.197074      0.21175      2.122E-06
  MGOUTER       25              1.197081      0.11255      1.128E-06
  MGOUTER       26              1.197085      0.06119      6.132E-07
00:00:10.470 Group Condensing...
  CGOUTER       22              1.197090      1.00000      5.399E-07
  CGOUTER       23              1.197090      0.09227      4.982E-08
  CGOUTER       24              1.197090      0.01767      9.538E-09
  CGOUTER       25              1.197090      0.00364      1.965E-09
  CGOUTER       26              1.197090      0.00075      4.064E-10
  CGOUTER       27              1.197090      0.00016      8.406E-11
  CGOUTER       28              1.197090      0.00003      1.739E-11
00:00:10.473 Group Reconstruction...
  MGOUTER       27              1.197090      0.00765      7.664E-08
  MGOUTER       28              1.197090      0.00347      3.479E-08
  Convergence - Flux :  F   TH :  F   B-Search:  T
00:00:10.486 Performing Ray Tracing    4...
          Group    1   to   47   finished in      0.996  Sec
          Group   24   to   47   finished in      0.592  Sec
00:00:12.134    RT      4       1.197083   6.352E-06   2.065E-05   3.349E-06
00:00:12.141 Cell Homogenization...
00:00:12.210 Linear System Construction...
00:00:12.214 Performing CMFD Calculation...
  MGOUTER       29              1.197086      1.00000      1.032E-06
  MGOUTER       30              1.197087      0.37191      3.840E-07
  MGOUTER       31              1.197089      0.18018      1.860E-07
  MGOUTER       32              1.197089      0.09580      9.891E-08
  MGOUTER       33              1.197090      0.05238      5.408E-08
00:00:12.234 Group Condensing...
  CGOUTER       29              1.197090      1.00000      4.167E-08
  CGOUTER       30              1.197090      0.11631      4.847E-09
  CGOUTER       31              1.197090      0.02317      9.655E-10
  CGOUTER       32              1.197090      0.00478      1.993E-10
  CGOUTER       33              1.197090      0.00099      4.121E-11
  CGOUTER       34              1.197090      0.00020      8.524E-12
  CGOUTER       35              1.197090      0.00004      1.763E-12
00:00:12.236 Group Reconstruction...
  MGOUTER       34              1.197090      0.00646      6.673E-09
  MGOUTER       35              1.197090      0.00288      2.978E-09
  Convergence - Flux :  T   TH :  F   B-Search:  T
Burnup =     0.000 MWD/kgHM    0.000 EPFD  keff =   1.19709  kinf(BK) =   1.19709  ppm =     0.00 ppm
-----------------------------------------------------------------------------
                    k-eff =      1.19709
00:00:12.285  Writing Calculation Results in Output File...
              Case No :    0    Calculation No :    0
 
========================================================================
     Results
     Case No        :    0
     Calculation No :    0
========================================================================
 
       k-eff =    1.19709
 
- 2D Pin Power -
- Coordinate : 1st = from NE to SW, 2nd = from NNW to SSE
 
Eff Pin Num   126.00000
 
Assembly    1 at (      1      1)
      26.99274    28.42624    29.46088    29.76205    29.46108    28.42625    26.99275                                                                                    
      28.42624    10.66025    27.80544    29.23718    29.23717    27.80538    10.66025    28.42625                                                                        
      29.46108    27.80538    26.77158    27.94433    28.26079    27.94429    26.77157    27.80544    29.46088                                                            
      29.76205    29.23717    27.94433    27.76566    27.98441    27.98441    27.76582    27.94433    29.23718    29.76205                                                
      29.46088    29.23717    28.26079    27.98441    28.17546    28.32264    28.17546    27.98436    28.26078    29.23717    29.46108                                    
      28.42625    27.80544    27.94430    27.98441    28.32264    29.51845    29.51844    28.32263    27.98436    27.94432    27.80538    28.42625                        
      26.99275    10.66025    26.77157    27.76582    28.17546    29.51845     0.00000    29.51844    28.17546    27.76582    26.77157    10.66025    26.99275            
                  28.42624    27.80538    27.94433    27.98436    28.32263    29.51844    29.51845    28.32263    27.98441    27.94429    27.80544    28.42625            
                              29.46108    29.23717    28.26079    27.98436    28.17546    28.32263    28.17546    27.98441    28.26079    29.23717    29.46088            
                                          29.76205    29.23718    27.94433    27.76582    27.98441    27.98441    27.76566    27.94433    29.23717    29.76205            
                                                      29.46088    27.80544    26.77157    27.94429    28.26079    27.94433    26.77157    27.80538    29.46108            
                                                                  28.42625    10.66025    27.80538    29.23717    29.23718    27.80544    10.66025    28.42625            
                                                                              26.99275    28.42624    29.46108    29.76205    29.46088    28.42625    26.99275            
 
- Local Pin Power -
- Coordinate : 1st = from NE to SW, 2nd = from NNW to SSE
 
Eff Pin Num   126.00000
 
 Plane    1
Assembly    1 at (      1      1 )
      26.99274    28.42624    29.46088    29.76205    29.46108    28.42625    26.99275                                                                                    
      28.42624    10.66025    27.80544    29.23718    29.23717    27.80538    10.66025    28.42625                                                                        
      29.46108    27.80538    26.77158    27.94433    28.26079    27.94429    26.77157    27.80544    29.46088                                                            
      29.76205    29.23717    27.94433    27.76566    27.98441    27.98441    27.76582    27.94433    29.23718    29.76205                                                
      29.46088    29.23717    28.26079    27.98441    28.17546    28.32264    28.17546    27.98436    28.26078    29.23717    29.46108                                    
      28.42625    27.80544    27.94430    27.98441    28.32264    29.51845    29.51844    28.32263    27.98436    27.94432    27.80538    28.42625                        
      26.99275    10.66025    26.77157    27.76582    28.17546    29.51845     0.00000    29.51844    28.17546    27.76582    26.77157    10.66025    26.99275            
                  28.42624    27.80538    27.94433    27.98436    28.32263    29.51844    29.51845    28.32263    27.98441    27.94429    27.80544    28.42625            
                              29.46108    29.23717    28.26079    27.98436    28.17546    28.32263    28.17546    27.98441    28.26079    29.23717    29.46088            
                                          29.76205    29.23718    27.94433    27.76582    27.98441    27.98441    27.76566    27.94433    29.23717    29.76205            
                                                      29.46088    27.80544    26.77157    27.94429    28.26079    27.94433    26.77157    27.80538    29.46108            
                                                                  28.42625    10.66025    27.80538    29.23717    29.23718    27.80544    10.66025    28.42625            
                                                                              26.99275    28.42624    29.46108    29.76205    29.46088    28.42625    26.99275            
 
- Axially Averaged 2D Assembly Power -
 
 
     Max. =     1.000
 
 - Radially Averaged 1D Power -
   Plane #   Power
         1  1.0000

 -  Axially Averaged 2D Flux -
 -  Groups per Assembly
- Order of assembly : Start from left-top, proceed first x-dir, later y-dir -
 
        Group   Assembly       1
            1        1.1480E+03
            2        4.5957E+03
            3        9.7648E+03
            4        1.0974E+04
            5        1.0347E+04
            6        1.1534E+04
            7        1.4689E+04
            8        9.7329E+03
            9        1.3264E+04
           10        8.3754E+03
           11        1.3994E+04
           12        2.3278E+03
           13        2.2691E+03
           14        2.1022E+03
           15        3.0114E+03
           16        5.0184E+02
           17        1.4877E+03
           18        4.9836E+02
           19        3.1403E+02
           20        3.8812E+02
           21        4.4590E+02
           22        4.6239E+02
           23        4.7676E+02
           24        1.9010E+03
           25        9.6303E+02
           26        9.4966E+02
           27        6.4850E+02
           28        2.2434E+02
           29        1.3701E+02
           30        1.8348E+02
           31        2.1338E+02
           32        1.6391E+02
           33        2.5265E+02
           34        6.0816E+02
           35        8.9678E+02
           36        9.0729E+02
           37        1.4317E+03
           38        1.3366E+03
           39        2.2948E+03
           40        1.7509E+03
           41        2.0721E+03
           42        2.3100E+03
           43        2.2071E+03
           44        1.2634E+03
           45        1.0069E+03
           46        1.1089E+03
           47        2.7102E+02
 
 -  Radially Averaged 1D Flux -
 
                --- > Plane #
  Energy Group         1
         1         1.1480E+03
         2         4.5957E+03
         3         9.7648E+03
         4         1.0974E+04
         5         1.0347E+04
         6         1.1534E+04
         7         1.4689E+04
         8         9.7329E+03
         9         1.3264E+04
        10         8.3754E+03
        11         1.3994E+04
        12         2.3278E+03
        13         2.2691E+03
        14         2.1022E+03
        15         3.0114E+03
        16         5.0184E+02
        17         1.4877E+03
        18         4.9836E+02
        19         3.1403E+02
        20         3.8812E+02
        21         4.4590E+02
        22         4.6239E+02
        23         4.7676E+02
        24         1.9010E+03
        25         9.6303E+02
        26         9.4966E+02
        27         6.4850E+02
        28         2.2434E+02
        29         1.3701E+02
        30         1.8348E+02
        31         2.1338E+02
        32         1.6391E+02
        33         2.5265E+02
        34         6.0816E+02
        35         8.9678E+02
        36         9.0729E+02
        37         1.4317E+03
        38         1.3366E+03
        39         2.2948E+03
        40         1.7509E+03
        41         2.0721E+03
        42         2.3100E+03
        43         2.2071E+03
        44         1.2634E+03
        45         1.0069E+03
        46         1.1089E+03
        47         2.7102E+02
 
 - Core Spectrum -
 
         1     1.1480E+03
         2     4.5957E+03
         3     9.7648E+03
         4     1.0974E+04
         5     1.0347E+04
         6     1.1534E+04
         7     1.4689E+04
         8     9.7329E+03
         9     1.3264E+04
        10     8.3754E+03
        11     1.3994E+04
        12     2.3278E+03
        13     2.2691E+03
        14     2.1022E+03
        15     3.0114E+03
        16     5.0184E+02
        17     1.4877E+03
        18     4.9836E+02
        19     3.1403E+02
        20     3.8812E+02
        21     4.4590E+02
        22     4.6239E+02
        23     4.7676E+02
        24     1.9010E+03
        25     9.6303E+02
        26     9.4966E+02
        27     6.4850E+02
        28     2.2434E+02
        29     1.3701E+02
        30     1.8348E+02
        31     2.1338E+02
        32     1.6391E+02
        33     2.5265E+02
        34     6.0816E+02
        35     8.9678E+02
        36     9.0729E+02
        37     1.4317E+03
        38     1.3366E+03
        39     2.2948E+03
        40     1.7509E+03
        41     2.0721E+03
        42     2.3100E+03
        43     2.2071E+03
        44     1.2634E+03
        45     1.0069E+03
        46     1.1089E+03
        47     2.7102E+02
 
 -  Flux Distribution for selected Pins -  
       Pin Identifier
 
========================================================================
               Total Time =        20.27  Sec
              Subgrp. FSP =         4.20  Sec
              Subgrp. RT. =         4.16  Sec,  N =      0
                   MOC MG =         6.68  Sec,  N =      4,  # THREAD =  14
                  MOC RT. =         0.00  Sec
                  CMFD MG =         0.54  Sec,  N =     35
                  CMFD CG =         0.00  Sec,  N =     35
                CMFD Init =         0.37  Sec,
                 Ax NODAL =         0.00  Sec
                Ax Kernel =         0.00  Sec
                     Ax=b =         0.14  Sec
                     DEPL =         0.00  Sec
                      T-H =         0.00  Sec
                    Comm  =         0.00  Sec

00:00:12.288 Job Finished at 13:25:10.
 
  Devoloped by
         ______    __    __   __    __   _______    _______    __        
        /      \  /  \  /  | /  |  /  | /       \  /       \  /  |       
       /$$$$$$  | $$  \ $$ | $$ |  $$ | $$$$$$$  | $$$$$$$  | $$ |       
       $$ \__$$/  $$$  \$$ | $$ |  $$ | $$ |__$$ | $$ |__$$ | $$ |       
       $$      \  $$$$  $$ | $$ |  $$ | $$    $$<  $$    $$/  $$ |       
        $$$$$$  | $$ $$ $$ | $$ |  $$ | $$$$$$$  | $$$$$$$/   $$ |       
       /  \__$$ | $$ |$$$$ | $$ \__$$ | $$ |  $$ | $$ |       $$ |_____  
       $$    $$/  $$ | $$$ | $$    $$/  $$ |  $$ | $$ |       $$       | 
        $$$$$$/   $$/   $$/   $$$$$$/   $$/   $$/  $$/        $$$$$$$$/  
 
